<?xml version="1.0" encoding="utf-8"?>
<coverage line-rate="0.6098" branch-rate="0.6056" version="1.9" timestamp="1762119121" lines-covered="333" lines-valid="546" branches-covered="86" branches-valid="142">
  <sources>
    <source>C:\git\sign\</source>
  </sources>
  <packages>
    <package name="PdfSigner" line-rate="0.6098" branch-rate="0.6056" complexity="165">
      <classes>
        <class name="PdfSignerApp.Program" filename="Program.cs" line-rate="0" branch-rate="0" complexity="42">
          <methods>
            <method name="Main" signature="(System.String[])" line-rate="0" branch-rate="0" complexity="38">
              <lines>
                <line number="9" hits="0" branch="False" />
                <line number="10" hits="0" branch="False" />
                <line number="11" hits="0" branch="False" />
                <line number="13" hits="0" branch="True" condition-coverage="0% (0/2)">
                  <conditions>
                    <condition number="30" type="jump" coverage="0%" />
                  </conditions>
                </line>
                <line number="14" hits="0" branch="False" />
                <line number="15" hits="0" branch="False" />
                <line number="16" hits="0" branch="False" />
                <line number="19" hits="0" branch="False" />
                <line number="22" hits="0" branch="False" />
                <line number="23" hits="0" branch="True" condition-coverage="0% (0/8)">
                  <conditions>
                    <condition number="77" type="jump" coverage="0%" />
                    <condition number="91" type="jump" coverage="0%" />
                    <condition number="105" type="jump" coverage="0%" />
                    <condition number="122" type="jump" coverage="0%" />
                  </conditions>
                </line>
                <line number="26" hits="0" branch="False" />
                <line number="27" hits="0" branch="False" />
                <line number="30" hits="0" branch="True" condition-coverage="0% (0/2)">
                  <conditions>
                    <condition number="154" type="jump" coverage="0%" />
                  </conditions>
                </line>
                <line number="31" hits="0" branch="False" />
                <line number="32" hits="0" branch="False" />
                <line number="33" hits="0" branch="False" />
                <line number="34" hits="0" branch="False" />
                <line number="37" hits="0" branch="False" />
                <line number="38" hits="0" branch="False" />
                <line number="39" hits="0" branch="False" />
                <line number="40" hits="0" branch="True" condition-coverage="0% (0/2)">
                  <conditions>
                    <condition number="196" type="jump" coverage="0%" />
                  </conditions>
                </line>
                <line number="41" hits="0" branch="True" condition-coverage="0% (0/2)">
                  <conditions>
                    <condition number="214" type="jump" coverage="0%" />
                  </conditions>
                </line>
                <line number="43" hits="0" branch="True" condition-coverage="0% (0/2)">
                  <conditions>
                    <condition number="241" type="jump" coverage="0%" />
                  </conditions>
                </line>
                <line number="44" hits="0" branch="False" />
                <line number="45" hits="0" branch="False" />
                <line number="46" hits="0" branch="False" />
                <line number="49" hits="0" branch="False" />
                <line number="50" hits="0" branch="False" />
                <line number="51" hits="0" branch="False" />
                <line number="52" hits="0" branch="False" />
                <line number="53" hits="0" branch="False" />
                <line number="54" hits="0" branch="False" />
                <line number="56" hits="0" branch="False" />
                <line number="57" hits="0" branch="False" />
                <line number="60" hits="0" branch="True" condition-coverage="0% (0/2)">
                  <conditions>
                    <condition number="395" type="jump" coverage="0%" />
                  </conditions>
                </line>
                <line number="61" hits="0" branch="False" />
                <line number="62" hits="0" branch="False" />
                <line number="63" hits="0" branch="False" />
                <line number="64" hits="0" branch="False" />
                <line number="67" hits="0" branch="False" />
                <line number="68" hits="0" branch="False" />
                <line number="69" hits="0" branch="False" />
                <line number="70" hits="0" branch="True" condition-coverage="0% (0/2)">
                  <conditions>
                    <condition number="439" type="jump" coverage="0%" />
                  </conditions>
                </line>
                <line number="71" hits="0" branch="True" condition-coverage="0% (0/2)">
                  <conditions>
                    <condition number="457" type="jump" coverage="0%" />
                  </conditions>
                </line>
                <line number="72" hits="0" branch="True" condition-coverage="0% (0/2)">
                  <conditions>
                    <condition number="475" type="jump" coverage="0%" />
                  </conditions>
                </line>
                <line number="74" hits="0" branch="False" />
                <line number="75" hits="0" branch="False" />
                <line number="76" hits="0" branch="False" />
                <line number="77" hits="0" branch="False" />
                <line number="78" hits="0" branch="False" />
                <line number="79" hits="0" branch="False" />
                <line number="80" hits="0" branch="False" />
                <line number="81" hits="0" branch="False" />
                <line number="83" hits="0" branch="False" />
                <line number="84" hits="0" branch="False" />
                <line number="87" hits="0" branch="True" condition-coverage="0% (0/2)">
                  <conditions>
                    <condition number="648" type="jump" coverage="0%" />
                  </conditions>
                </line>
                <line number="88" hits="0" branch="False" />
                <line number="89" hits="0" branch="False" />
                <line number="90" hits="0" branch="False" />
                <line number="91" hits="0" branch="False" />
                <line number="94" hits="0" branch="False" />
                <line number="96" hits="0" branch="True" condition-coverage="0% (0/2)">
                  <conditions>
                    <condition number="692" type="jump" coverage="0%" />
                  </conditions>
                </line>
                <line number="97" hits="0" branch="False" />
                <line number="98" hits="0" branch="False" />
                <line number="99" hits="0" branch="False" />
                <line number="102" hits="0" branch="False" />
                <line number="103" hits="0" branch="False" />
                <line number="106" hits="0" branch="False" />
                <line number="107" hits="0" branch="False" />
                <line number="109" hits="0" branch="False" />
                <line number="111" hits="0" branch="True" condition-coverage="0% (0/2)">
                  <conditions>
                    <condition number="1087" type="jump" coverage="0%" />
                  </conditions>
                </line>
                <line number="112" hits="0" branch="False" />
                <line number="113" hits="0" branch="False" />
                <line number="114" hits="0" branch="False" />
                <line number="116" hits="0" branch="True" condition-coverage="0% (0/2)">
                  <conditions>
                    <condition number="934" type="jump" coverage="0%" />
                  </conditions>
                </line>
                <line number="117" hits="0" branch="False" />
                <line number="118" hits="0" branch="False" />
                <line number="119" hits="0" branch="False" />
                <line number="120" hits="0" branch="True" condition-coverage="0% (0/2)">
                  <conditions>
                    <condition number="990" type="jump" coverage="0%" />
                  </conditions>
                </line>
                <line number="121" hits="0" branch="False" />
                <line number="122" hits="0" branch="False" />
                <line number="123" hits="0" branch="False" />
                <line number="125" hits="0" branch="False" />
                <line number="126" hits="0" branch="False" />
                <line number="127" hits="0" branch="False" />
                <line number="128" hits="0" branch="False" />
                <line number="130" hits="0" branch="False" />
                <line number="131" hits="0" branch="False" />
                <line number="132" hits="0" branch="False" />
                <line number="133" hits="0" branch="False" />
                <line number="135" hits="0" branch="False" />
                <line number="136" hits="0" branch="True" condition-coverage="0% (0/2)">
                  <conditions>
                    <condition number="1105" type="jump" coverage="0%" />
                  </conditions>
                </line>
                <line number="137" hits="0" branch="False" />
                <line number="138" hits="0" branch="False" />
                <line number="139" hits="0" branch="False" />
                <line number="140" hits="0" branch="False" />
                <line number="141" hits="0" branch="False" />
                <line number="142" hits="0" branch="False" />
                <line number="145" hits="0" branch="False" />
                <line number="146" hits="0" branch="False" />
                <line number="147" hits="0" branch="False" />
                <line number="149" hits="0" branch="False" />
                <line number="150" hits="0" branch="False" />
                <line number="151" hits="0" branch="False" />
                <line number="152" hits="0" branch="False" />
                <line number="153" hits="0" branch="False" />
                <line number="154" hits="0" branch="False" />
                <line number="155" hits="0" branch="False" />
              </lines>
            </method>
            <method name="ShowUsage" signature="()" line-rate="0" branch-rate="1" complexity="1">
              <lines>
                <line number="158" hits="0" branch="False" />
                <line number="159" hits="0" branch="False" />
                <line number="160" hits="0" branch="False" />
                <line number="161" hits="0" branch="False" />
                <line number="162" hits="0" branch="False" />
                <line number="163" hits="0" branch="False" />
                <line number="164" hits="0" branch="False" />
                <line number="165" hits="0" branch="False" />
                <line number="166" hits="0" branch="False" />
                <line number="167" hits="0" branch="False" />
                <line number="168" hits="0" branch="False" />
                <line number="169" hits="0" branch="False" />
                <line number="170" hits="0" branch="False" />
                <line number="171" hits="0" branch="False" />
                <line number="172" hits="0" branch="False" />
                <line number="173" hits="0" branch="False" />
                <line number="174" hits="0" branch="False" />
                <line number="175" hits="0" branch="False" />
                <line number="176" hits="0" branch="False" />
                <line number="177" hits="0" branch="False" />
                <line number="178" hits="0" branch="False" />
                <line number="179" hits="0" branch="False" />
                <line number="180" hits="0" branch="False" />
                <line number="181" hits="0" branch="False" />
                <line number="182" hits="0" branch="False" />
                <line number="183" hits="0" branch="False" />
                <line number="184" hits="0" branch="False" />
              </lines>
            </method>
            <method name="ShowSignUsage" signature="()" line-rate="0" branch-rate="1" complexity="1">
              <lines>
                <line number="187" hits="0" branch="False" />
                <line number="188" hits="0" branch="False" />
                <line number="189" hits="0" branch="False" />
                <line number="190" hits="0" branch="False" />
                <line number="191" hits="0" branch="False" />
                <line number="192" hits="0" branch="False" />
                <line number="193" hits="0" branch="False" />
                <line number="194" hits="0" branch="False" />
                <line number="195" hits="0" branch="False" />
                <line number="196" hits="0" branch="False" />
                <line number="197" hits="0" branch="False" />
                <line number="198" hits="0" branch="False" />
              </lines>
            </method>
            <method name="ShowBatchUsage" signature="()" line-rate="0" branch-rate="1" complexity="1">
              <lines>
                <line number="201" hits="0" branch="False" />
                <line number="202" hits="0" branch="False" />
                <line number="203" hits="0" branch="False" />
                <line number="204" hits="0" branch="False" />
                <line number="205" hits="0" branch="False" />
                <line number="206" hits="0" branch="False" />
                <line number="207" hits="0" branch="False" />
                <line number="208" hits="0" branch="False" />
                <line number="209" hits="0" branch="False" />
                <line number="210" hits="0" branch="False" />
                <line number="211" hits="0" branch="False" />
                <line number="212" hits="0" branch="False" />
              </lines>
            </method>
            <method name="ShowVerifyUsage" signature="()" line-rate="0" branch-rate="1" complexity="1">
              <lines>
                <line number="215" hits="0" branch="False" />
                <line number="216" hits="0" branch="False" />
                <line number="217" hits="0" branch="False" />
                <line number="218" hits="0" branch="False" />
              </lines>
            </method>
          </methods>
          <lines>
            <line number="9" hits="0" branch="False" />
            <line number="10" hits="0" branch="False" />
            <line number="11" hits="0" branch="False" />
            <line number="13" hits="0" branch="True" condition-coverage="0% (0/2)">
              <conditions>
                <condition number="30" type="jump" coverage="0%" />
              </conditions>
            </line>
            <line number="14" hits="0" branch="False" />
            <line number="15" hits="0" branch="False" />
            <line number="16" hits="0" branch="False" />
            <line number="19" hits="0" branch="False" />
            <line number="22" hits="0" branch="False" />
            <line number="23" hits="0" branch="True" condition-coverage="0% (0/8)">
              <conditions>
                <condition number="77" type="jump" coverage="0%" />
                <condition number="91" type="jump" coverage="0%" />
                <condition number="105" type="jump" coverage="0%" />
                <condition number="122" type="jump" coverage="0%" />
              </conditions>
            </line>
            <line number="26" hits="0" branch="False" />
            <line number="27" hits="0" branch="False" />
            <line number="30" hits="0" branch="True" condition-coverage="0% (0/2)">
              <conditions>
                <condition number="154" type="jump" coverage="0%" />
              </conditions>
            </line>
            <line number="31" hits="0" branch="False" />
            <line number="32" hits="0" branch="False" />
            <line number="33" hits="0" branch="False" />
            <line number="34" hits="0" branch="False" />
            <line number="37" hits="0" branch="False" />
            <line number="38" hits="0" branch="False" />
            <line number="39" hits="0" branch="False" />
            <line number="40" hits="0" branch="True" condition-coverage="0% (0/2)">
              <conditions>
                <condition number="196" type="jump" coverage="0%" />
              </conditions>
            </line>
            <line number="41" hits="0" branch="True" condition-coverage="0% (0/2)">
              <conditions>
                <condition number="214" type="jump" coverage="0%" />
              </conditions>
            </line>
            <line number="43" hits="0" branch="True" condition-coverage="0% (0/2)">
              <conditions>
                <condition number="241" type="jump" coverage="0%" />
              </conditions>
            </line>
            <line number="44" hits="0" branch="False" />
            <line number="45" hits="0" branch="False" />
            <line number="46" hits="0" branch="False" />
            <line number="49" hits="0" branch="False" />
            <line number="50" hits="0" branch="False" />
            <line number="51" hits="0" branch="False" />
            <line number="52" hits="0" branch="False" />
            <line number="53" hits="0" branch="False" />
            <line number="54" hits="0" branch="False" />
            <line number="56" hits="0" branch="False" />
            <line number="57" hits="0" branch="False" />
            <line number="60" hits="0" branch="True" condition-coverage="0% (0/2)">
              <conditions>
                <condition number="395" type="jump" coverage="0%" />
              </conditions>
            </line>
            <line number="61" hits="0" branch="False" />
            <line number="62" hits="0" branch="False" />
            <line number="63" hits="0" branch="False" />
            <line number="64" hits="0" branch="False" />
            <line number="67" hits="0" branch="False" />
            <line number="68" hits="0" branch="False" />
            <line number="69" hits="0" branch="False" />
            <line number="70" hits="0" branch="True" condition-coverage="0% (0/2)">
              <conditions>
                <condition number="439" type="jump" coverage="0%" />
              </conditions>
            </line>
            <line number="71" hits="0" branch="True" condition-coverage="0% (0/2)">
              <conditions>
                <condition number="457" type="jump" coverage="0%" />
              </conditions>
            </line>
            <line number="72" hits="0" branch="True" condition-coverage="0% (0/2)">
              <conditions>
                <condition number="475" type="jump" coverage="0%" />
              </conditions>
            </line>
            <line number="74" hits="0" branch="False" />
            <line number="75" hits="0" branch="False" />
            <line number="76" hits="0" branch="False" />
            <line number="77" hits="0" branch="False" />
            <line number="78" hits="0" branch="False" />
            <line number="79" hits="0" branch="False" />
            <line number="80" hits="0" branch="False" />
            <line number="81" hits="0" branch="False" />
            <line number="83" hits="0" branch="False" />
            <line number="84" hits="0" branch="False" />
            <line number="87" hits="0" branch="True" condition-coverage="0% (0/2)">
              <conditions>
                <condition number="648" type="jump" coverage="0%" />
              </conditions>
            </line>
            <line number="88" hits="0" branch="False" />
            <line number="89" hits="0" branch="False" />
            <line number="90" hits="0" branch="False" />
            <line number="91" hits="0" branch="False" />
            <line number="94" hits="0" branch="False" />
            <line number="96" hits="0" branch="True" condition-coverage="0% (0/2)">
              <conditions>
                <condition number="692" type="jump" coverage="0%" />
              </conditions>
            </line>
            <line number="97" hits="0" branch="False" />
            <line number="98" hits="0" branch="False" />
            <line number="99" hits="0" branch="False" />
            <line number="102" hits="0" branch="False" />
            <line number="103" hits="0" branch="False" />
            <line number="106" hits="0" branch="False" />
            <line number="107" hits="0" branch="False" />
            <line number="109" hits="0" branch="False" />
            <line number="111" hits="0" branch="True" condition-coverage="0% (0/2)">
              <conditions>
                <condition number="1087" type="jump" coverage="0%" />
              </conditions>
            </line>
            <line number="112" hits="0" branch="False" />
            <line number="113" hits="0" branch="False" />
            <line number="114" hits="0" branch="False" />
            <line number="116" hits="0" branch="True" condition-coverage="0% (0/2)">
              <conditions>
                <condition number="934" type="jump" coverage="0%" />
              </conditions>
            </line>
            <line number="117" hits="0" branch="False" />
            <line number="118" hits="0" branch="False" />
            <line number="119" hits="0" branch="False" />
            <line number="120" hits="0" branch="True" condition-coverage="0% (0/2)">
              <conditions>
                <condition number="990" type="jump" coverage="0%" />
              </conditions>
            </line>
            <line number="121" hits="0" branch="False" />
            <line number="122" hits="0" branch="False" />
            <line number="123" hits="0" branch="False" />
            <line number="125" hits="0" branch="False" />
            <line number="126" hits="0" branch="False" />
            <line number="127" hits="0" branch="False" />
            <line number="128" hits="0" branch="False" />
            <line number="130" hits="0" branch="False" />
            <line number="131" hits="0" branch="False" />
            <line number="132" hits="0" branch="False" />
            <line number="133" hits="0" branch="False" />
            <line number="135" hits="0" branch="False" />
            <line number="136" hits="0" branch="True" condition-coverage="0% (0/2)">
              <conditions>
                <condition number="1105" type="jump" coverage="0%" />
              </conditions>
            </line>
            <line number="137" hits="0" branch="False" />
            <line number="138" hits="0" branch="False" />
            <line number="139" hits="0" branch="False" />
            <line number="140" hits="0" branch="False" />
            <line number="141" hits="0" branch="False" />
            <line number="142" hits="0" branch="False" />
            <line number="145" hits="0" branch="False" />
            <line number="146" hits="0" branch="False" />
            <line number="147" hits="0" branch="False" />
            <line number="149" hits="0" branch="False" />
            <line number="150" hits="0" branch="False" />
            <line number="151" hits="0" branch="False" />
            <line number="152" hits="0" branch="False" />
            <line number="153" hits="0" branch="False" />
            <line number="154" hits="0" branch="False" />
            <line number="155" hits="0" branch="False" />
            <line number="158" hits="0" branch="False" />
            <line number="159" hits="0" branch="False" />
            <line number="160" hits="0" branch="False" />
            <line number="161" hits="0" branch="False" />
            <line number="162" hits="0" branch="False" />
            <line number="163" hits="0" branch="False" />
            <line number="164" hits="0" branch="False" />
            <line number="165" hits="0" branch="False" />
            <line number="166" hits="0" branch="False" />
            <line number="167" hits="0" branch="False" />
            <line number="168" hits="0" branch="False" />
            <line number="169" hits="0" branch="False" />
            <line number="170" hits="0" branch="False" />
            <line number="171" hits="0" branch="False" />
            <line number="172" hits="0" branch="False" />
            <line number="173" hits="0" branch="False" />
            <line number="174" hits="0" branch="False" />
            <line number="175" hits="0" branch="False" />
            <line number="176" hits="0" branch="False" />
            <line number="177" hits="0" branch="False" />
            <line number="178" hits="0" branch="False" />
            <line number="179" hits="0" branch="False" />
            <line number="180" hits="0" branch="False" />
            <line number="181" hits="0" branch="False" />
            <line number="182" hits="0" branch="False" />
            <line number="183" hits="0" branch="False" />
            <line number="184" hits="0" branch="False" />
            <line number="187" hits="0" branch="False" />
            <line number="188" hits="0" branch="False" />
            <line number="189" hits="0" branch="False" />
            <line number="190" hits="0" branch="False" />
            <line number="191" hits="0" branch="False" />
            <line number="192" hits="0" branch="False" />
            <line number="193" hits="0" branch="False" />
            <line number="194" hits="0" branch="False" />
            <line number="195" hits="0" branch="False" />
            <line number="196" hits="0" branch="False" />
            <line number="197" hits="0" branch="False" />
            <line number="198" hits="0" branch="False" />
            <line number="201" hits="0" branch="False" />
            <line number="202" hits="0" branch="False" />
            <line number="203" hits="0" branch="False" />
            <line number="204" hits="0" branch="False" />
            <line number="205" hits="0" branch="False" />
            <line number="206" hits="0" branch="False" />
            <line number="207" hits="0" branch="False" />
            <line number="208" hits="0" branch="False" />
            <line number="209" hits="0" branch="False" />
            <line number="210" hits="0" branch="False" />
            <line number="211" hits="0" branch="False" />
            <line number="212" hits="0" branch="False" />
            <line number="215" hits="0" branch="False" />
            <line number="216" hits="0" branch="False" />
            <line number="217" hits="0" branch="False" />
            <line number="218" hits="0" branch="False" />
          </lines>
        </class>
        <class name="PdfSignerApp.WindowsCertificatePdfSigner" filename="WindowsCertificatePdfSigner.cs" line-rate="0.8686" branch-rate="0.8332999999999999" complexity="98">
          <methods>
            <method name="SignPdf" signature="(System.String,System.String,System.String,System.String,System.String)" line-rate="1" branch-rate="1" complexity="2">
              <lines>
                <line number="28" hits="15" branch="False" />
                <line number="30" hits="15" branch="False" />
                <line number="31" hits="14" branch="True" condition-coverage="100% (2/2)">
                  <conditions>
                    <condition number="15" type="jump" coverage="100%" />
                  </conditions>
                </line>
                <line number="32" hits="3" branch="False" />
                <line number="33" hits="3" branch="False" />
                <line number="36" hits="11" branch="False" />
                <line number="37" hits="11" branch="False" />
                <line number="40" hits="11" branch="False" />
                <line number="43" hits="2" branch="False" />
                <line number="45" hits="2" branch="False" />
                <line number="46" hits="2" branch="False" />
                <line number="47" hits="1" branch="False" />
                <line number="48" hits="1" branch="False" />
                <line number="49" hits="1" branch="False" />
                <line number="50" hits="1" branch="False" />
                <line number="51" hits="1" branch="False" />
                <line number="52" hits="1" branch="False" />
                <line number="53" hits="1" branch="False" />
                <line number="54" hits="1" branch="False" />
                <line number="56" hits="1" branch="False" />
              </lines>
            </method>
            <method name="SignBatch" signature="(System.String,System.String,System.String,System.String,System.String,System.String)" line-rate="0.8103" branch-rate="0.875" complexity="8">
              <lines>
                <line number="69" hits="6" branch="False" />
                <line number="71" hits="6" branch="False" />
                <line number="72" hits="6" branch="True" condition-coverage="50% (1/2)">
                  <conditions>
                    <condition number="17" type="jump" coverage="50%" />
                  </conditions>
                </line>
                <line number="73" hits="0" branch="False" />
                <line number="74" hits="0" branch="False" />
                <line number="77" hits="6" branch="False" />
                <line number="78" hits="6" branch="False" />
                <line number="79" hits="6" branch="False" />
                <line number="82" hits="6" branch="True" condition-coverage="100% (2/2)">
                  <conditions>
                    <condition number="160" type="jump" coverage="100%" />
                  </conditions>
                </line>
                <line number="83" hits="6" branch="False" />
                <line number="84" hits="6" branch="False" />
                <line number="85" hits="6" branch="False" />
                <line number="86" hits="6" branch="False" />
                <line number="91" hits="6" branch="False" />
                <line number="92" hits="6" branch="False" />
                <line number="93" hits="6" branch="False" />
                <line number="94" hits="0" branch="False" />
                <line number="95" hits="0" branch="False" />
                <line number="96" hits="0" branch="False" />
                <line number="97" hits="0" branch="False" />
                <line number="100" hits="6" branch="True" condition-coverage="100% (2/2)">
                  <conditions>
                    <condition number="241" type="jump" coverage="100%" />
                  </conditions>
                </line>
                <line number="101" hits="2" branch="False" />
                <line number="102" hits="2" branch="False" />
                <line number="103" hits="2" branch="False" />
                <line number="106" hits="4" branch="False" />
                <line number="107" hits="4" branch="False" />
                <line number="110" hits="4" branch="False" />
                <line number="111" hits="4" branch="False" />
                <line number="113" hits="28" branch="True" condition-coverage="100% (2/2)">
                  <conditions>
                    <condition number="708" type="jump" coverage="100%" />
                  </conditions>
                </line>
                <line number="114" hits="8" branch="False" />
                <line number="116" hits="8" branch="False" />
                <line number="117" hits="8" branch="False" />
                <line number="118" hits="8" branch="False" />
                <line number="119" hits="8" branch="False" />
                <line number="120" hits="8" branch="False" />
                <line number="122" hits="8" branch="False" />
                <line number="126" hits="8" branch="False" />
                <line number="127" hits="8" branch="False" />
                <line number="128" hits="3" branch="False" />
                <line number="131" hits="3" branch="False" />
                <line number="132" hits="3" branch="False" />
                <line number="133" hits="5" branch="False" />
                <line number="134" hits="5" branch="False" />
                <line number="135" hits="5" branch="False" />
                <line number="136" hits="5" branch="False" />
                <line number="137" hits="5" branch="False" />
                <line number="138" hits="8" branch="False" />
                <line number="139" hits="0" branch="False" />
                <line number="140" hits="0" branch="False" />
                <line number="141" hits="0" branch="False" />
                <line number="142" hits="0" branch="False" />
                <line number="143" hits="0" branch="False" />
                <line number="144" hits="8" branch="False" />
                <line number="147" hits="4" branch="False" />
                <line number="148" hits="4" branch="False" />
                <line number="149" hits="4" branch="False" />
                <line number="150" hits="4" branch="False" />
                <line number="151" hits="6" branch="False" />
              </lines>
            </method>
            <method name="GetMatchingFiles" signature="(System.String)" line-rate="0.9354" branch-rate="1" complexity="10">
              <lines>
                <line number="159" hits="13" branch="False" />
                <line number="161" hits="13" branch="False" />
                <line number="163" hits="13" branch="True" condition-coverage="100% (2/2)">
                  <conditions>
                    <condition number="10" type="jump" coverage="100%" />
                  </conditions>
                </line>
                <line number="164" hits="1" branch="False" />
                <line number="166" hits="1" branch="False" />
                <line number="170" hits="12" branch="False" />
                <line number="171" hits="12" branch="False" />
                <line number="174" hits="12" branch="True" condition-coverage="100% (2/2)">
                  <conditions>
                    <condition number="53" type="jump" coverage="100%" />
                  </conditions>
                </line>
                <line number="175" hits="4" branch="False" />
                <line number="176" hits="4" branch="False" />
                <line number="177" hits="4" branch="False" />
                <line number="180" hits="12" branch="True" condition-coverage="100% (2/2)">
                  <conditions>
                    <condition number="73" type="jump" coverage="100%" />
                  </conditions>
                </line>
                <line number="181" hits="2" branch="False" />
                <line number="182" hits="2" branch="False" />
                <line number="183" hits="2" branch="False" />
                <line number="186" hits="12" branch="True" condition-coverage="100% (2/2)">
                  <conditions>
                    <condition number="98" type="jump" coverage="100%" />
                  </conditions>
                </line>
                <line number="187" hits="3" branch="False" />
                <line number="188" hits="3" branch="False" />
                <line number="189" hits="3" branch="False" />
                <line number="192" hits="12" branch="True" condition-coverage="100% (2/2)">
                  <conditions>
                    <condition number="124" type="jump" coverage="100%" />
                  </conditions>
                </line>
                <line number="193" hits="10" branch="False" />
                <line number="194" hits="10" branch="False" />
                <line number="195" hits="11" branch="False" />
                <line number="196" hits="11" branch="False" />
                <line number="197" hits="10" branch="False" />
                <line number="200" hits="2" branch="False" />
                <line number="201" hits="2" branch="False" />
                <line number="204" hits="2" branch="False" />
                <line number="205" hits="0" branch="False" />
                <line number="206" hits="0" branch="False" />
                <line number="208" hits="11" branch="False" />
              </lines>
            </method>
            <method name="FindCertificate" signature="(System.String)" line-rate="1" branch-rate="1" complexity="2">
              <lines>
                <line number="216" hits="26" branch="False" />
                <line number="218" hits="26" branch="False" />
                <line number="221" hits="25" branch="False" />
                <line number="222" hits="25" branch="True" condition-coverage="100% (2/2)">
                  <conditions>
                    <condition number="25" type="jump" coverage="100%" />
                  </conditions>
                </line>
                <line number="223" hits="21" branch="False" />
                <line number="226" hits="4" branch="False" />
                <line number="227" hits="25" branch="False" />
              </lines>
            </method>
            <method name="IsThumbprint" signature="(System.String)" line-rate="1" branch-rate="1" complexity="4">
              <lines>
                <line number="235" hits="37" branch="False" />
                <line number="237" hits="37" branch="False" />
                <line number="240" hits="35" branch="True" condition-coverage="100% (4/4)">
                  <conditions>
                    <condition number="41" type="jump" coverage="100%" />
                    <condition number="51" type="jump" coverage="100%" />
                  </conditions>
                </line>
                <line number="241" hits="35" branch="False" />
                <line number="242" hits="35" branch="False" />
              </lines>
            </method>
            <method name="FindCertificateInStore" signature="(System.Security.Cryptography.X509Certificates.StoreLocation,System.String,System.Boolean)" line-rate="0.9459000000000001" branch-rate="0.9444" complexity="18">
              <lines>
                <line number="252" hits="29" branch="False" />
                <line number="253" hits="29" branch="False" />
                <line number="255" hits="29" branch="False" />
                <line number="256" hits="29" branch="False" />
                <line number="259" hits="29" branch="True" condition-coverage="100% (2/2)">
                  <conditions>
                    <condition number="21" type="jump" coverage="100%" />
                  </conditions>
                </line>
                <line number="260" hits="1" branch="False" />
                <line number="262" hits="1" branch="False" />
                <line number="263" hits="1" branch="False" />
                <line number="264" hits="1" branch="False" />
                <line number="266" hits="28" branch="False" />
                <line number="268" hits="28" branch="False" />
                <line number="270" hits="28" branch="True" condition-coverage="100% (2/2)">
                  <conditions>
                    <condition number="103" type="jump" coverage="100%" />
                  </conditions>
                </line>
                <line number="271" hits="28" branch="False" />
                <line number="273" hits="28" branch="False" />
                <line number="274" hits="28" branch="False" />
                <line number="275" hits="28" branch="False" />
                <line number="277" hits="29" branch="True" condition-coverage="100% (2/2)">
                  <conditions>
                    <condition number="136" type="jump" coverage="100%" />
                  </conditions>
                </line>
                <line number="278" hits="22" branch="False" />
                <line number="280" hits="91" branch="True" condition-coverage="100% (2/2)">
                  <conditions>
                    <condition number="232" type="jump" coverage="100%" />
                  </conditions>
                </line>
                <line number="281" hits="23" branch="False" />
                <line number="282" hits="23" branch="True" condition-coverage="100% (6/6)">
                  <conditions>
                    <condition number="170" type="jump" coverage="100%" />
                    <condition number="189" type="jump" coverage="100%" />
                    <condition number="215" type="jump" coverage="100%" />
                  </conditions>
                </line>
                <line number="283" hits="21" branch="False" />
                <line number="284" hits="21" branch="False" />
                <line number="286" hits="2" branch="False" />
                <line number="289" hits="7" branch="True" condition-coverage="100% (2/2)">
                  <conditions>
                    <condition number="298" type="jump" coverage="100%" />
                  </conditions>
                </line>
                <line number="290" hits="2" branch="False" />
                <line number="291" hits="2" branch="True" condition-coverage="50% (1/2)">
                  <conditions>
                    <condition number="281" type="jump" coverage="50%" />
                  </conditions>
                </line>
                <line number="292" hits="0" branch="False" />
                <line number="293" hits="0" branch="False" />
                <line number="295" hits="2" branch="False" />
                <line number="296" hits="1" branch="False" />
                <line number="297" hits="8" branch="False" />
                <line number="299" hits="29" branch="False" />
                <line number="300" hits="29" branch="False" />
                <line number="301" hits="29" branch="False" />
                <line number="303" hits="8" branch="False" />
                <line number="304" hits="29" branch="False" />
              </lines>
            </method>
            <method name="ListAvailableCertificates" signature="()" line-rate="0.5555" branch-rate="1" complexity="1">
              <lines>
                <line number="311" hits="1" branch="False" />
                <line number="312" hits="1" branch="False" />
                <line number="314" hits="1" branch="False" />
                <line number="315" hits="1" branch="False" />
                <line number="316" hits="1" branch="False" />
                <line number="317" hits="0" branch="False" />
                <line number="318" hits="0" branch="False" />
                <line number="319" hits="0" branch="False" />
                <line number="320" hits="0" branch="False" />
                <line number="322" hits="1" branch="False" />
                <line number="324" hits="1" branch="False" />
                <line number="325" hits="1" branch="False" />
                <line number="326" hits="1" branch="False" />
                <line number="327" hits="0" branch="False" />
                <line number="328" hits="0" branch="False" />
                <line number="329" hits="0" branch="False" />
                <line number="330" hits="0" branch="False" />
                <line number="331" hits="1" branch="False" />
              </lines>
            </method>
            <method name="ListCertificatesInStore" signature="(System.Security.Cryptography.X509Certificates.StoreLocation)" line-rate="0.8636" branch-rate="1" complexity="2">
              <lines>
                <line number="334" hits="2" branch="False" />
                <line number="335" hits="2" branch="False" />
                <line number="337" hits="2" branch="False" />
                <line number="338" hits="2" branch="False" />
                <line number="339" hits="60" branch="True" condition-coverage="100% (2/2)">
                  <conditions>
                    <condition number="275" type="jump" coverage="100%" />
                  </conditions>
                </line>
                <line number="340" hits="27" branch="False" />
                <line number="341" hits="27" branch="False" />
                <line number="342" hits="27" branch="False" />
                <line number="343" hits="27" branch="False" />
                <line number="344" hits="27" branch="False" />
                <line number="345" hits="27" branch="False" />
                <line number="346" hits="27" branch="False" />
                <line number="347" hits="27" branch="False" />
                <line number="348" hits="27" branch="False" />
                <line number="349" hits="2" branch="False" />
                <line number="350" hits="0" branch="False" />
                <line number="351" hits="0" branch="False" />
                <line number="352" hits="0" branch="False" />
                <line number="355" hits="2" branch="False" />
                <line number="356" hits="2" branch="False" />
                <line number="357" hits="2" branch="False" />
                <line number="358" hits="2" branch="False" />
              </lines>
            </method>
            <method name="VerifyPdfSignature" signature="(System.String)" line-rate="0.9047" branch-rate="0.7272" complexity="22">
              <lines>
                <line number="368" hits="7" branch="False" />
                <line number="369" hits="7" branch="True" condition-coverage="100% (2/2)">
                  <conditions>
                    <condition number="12" type="jump" coverage="100%" />
                  </conditions>
                </line>
                <line number="370" hits="1" branch="False" />
                <line number="371" hits="1" branch="False" />
                <line number="375" hits="6" branch="False" />
                <line number="376" hits="6" branch="False" />
                <line number="377" hits="5" branch="False" />
                <line number="379" hits="4" branch="False" />
                <line number="380" hits="4" branch="False" />
                <line number="382" hits="4" branch="True" condition-coverage="100% (2/2)">
                  <conditions>
                    <condition number="77" type="jump" coverage="100%" />
                  </conditions>
                </line>
                <line number="383" hits="1" branch="False" />
                <line number="384" hits="1" branch="False" />
                <line number="387" hits="3" branch="False" />
                <line number="388" hits="3" branch="False" />
                <line number="390" hits="14" branch="True" condition-coverage="100% (2/2)">
                  <conditions>
                    <condition number="489" type="jump" coverage="100%" />
                  </conditions>
                </line>
                <line number="391" hits="4" branch="False" />
                <line number="392" hits="4" branch="False" />
                <line number="393" hits="4" branch="False" />
                <line number="396" hits="4" branch="False" />
                <line number="397" hits="4" branch="False" />
                <line number="399" hits="4" branch="True" condition-coverage="50% (1/2)">
                  <conditions>
                    <condition number="157" type="jump" coverage="50%" />
                  </conditions>
                </line>
                <line number="400" hits="0" branch="False" />
                <line number="401" hits="0" branch="False" />
                <line number="405" hits="4" branch="False" />
                <line number="406" hits="4" branch="True" condition-coverage="100% (2/2)">
                  <conditions>
                    <condition number="197" type="jump" coverage="100%" />
                  </conditions>
                </line>
                <line number="407" hits="1" branch="False" />
                <line number="408" hits="1" branch="False" />
                <line number="412" hits="3" branch="False" />
                <line number="413" hits="3" branch="True" condition-coverage="50% (2/4)">
                  <conditions>
                    <condition number="234" type="jump" coverage="50%" />
                    <condition number="249" type="jump" coverage="50%" />
                  </conditions>
                </line>
                <line number="414" hits="0" branch="False" />
                <line number="415" hits="0" branch="False" />
                <line number="418" hits="3" branch="False" />
                <line number="421" hits="3" branch="True" condition-coverage="50% (2/4)">
                  <conditions>
                    <condition number="284" type="jump" coverage="50%" />
                    <condition number="296" type="jump" coverage="50%" />
                  </conditions>
                </line>
                <line number="422" hits="3" branch="False" />
                <line number="425" hits="3" branch="True" condition-coverage="100% (2/2)">
                  <conditions>
                    <condition number="327" type="jump" coverage="100%" />
                  </conditions>
                </line>
                <line number="426" hits="1" branch="False" />
                <line number="427" hits="1" branch="False" />
                <line number="431" hits="2" branch="False" />
                <line number="432" hits="2" branch="True" condition-coverage="50% (1/2)">
                  <conditions>
                    <condition number="371" type="jump" coverage="50%" />
                  </conditions>
                </line>
                <line number="433" hits="0" branch="False" />
                <line number="434" hits="0" branch="False" />
                <line number="437" hits="2" branch="False" />
                <line number="438" hits="2" branch="False" />
                <line number="439" hits="2" branch="False" />
                <line number="440" hits="2" branch="False" />
                <line number="441" hits="2" branch="False" />
                <line number="442" hits="2" branch="False" />
                <line number="443" hits="2" branch="False" />
                <line number="444" hits="2" branch="False" />
                <line number="445" hits="2" branch="False" />
                <line number="446" hits="2" branch="False" />
                <line number="448" hits="4" branch="False" />
                <line number="449" hits="4" branch="False" />
                <line number="451" hits="3" branch="False" />
                <line number="452" hits="3" branch="False" />
                <line number="453" hits="3" branch="False" />
                <line number="454" hits="3" branch="False" />
                <line number="455" hits="3" branch="False" />
                <line number="456" hits="3" branch="False" />
                <line number="458" hits="3" branch="False" />
                <line number="459" hits="2" branch="False" />
                <line number="460" hits="2" branch="False" />
                <line number="462" hits="3" branch="False" />
              </lines>
            </method>
            <method name="ExtractSerialNumberFromSubject" signature="(System.String)" line-rate="1" branch-rate="1" complexity="6">
              <lines>
                <line number="470" hits="44" branch="False" />
                <line number="471" hits="44" branch="True" condition-coverage="100% (2/2)">
                  <conditions>
                    <condition number="9" type="jump" coverage="100%" />
                  </conditions>
                </line>
                <line number="472" hits="2" branch="False" />
                <line number="475" hits="42" branch="False" />
                <line number="476" hits="219" branch="True" condition-coverage="100% (2/2)">
                  <conditions>
                    <condition number="118" type="jump" coverage="100%" />
                  </conditions>
                </line>
                <line number="477" hits="57" branch="False" />
                <line number="478" hits="57" branch="False" />
                <line number="479" hits="57" branch="True" condition-coverage="100% (2/2)">
                  <conditions>
                    <condition number="83" type="jump" coverage="100%" />
                  </conditions>
                </line>
                <line number="480" hits="21" branch="False" />
                <line number="481" hits="21" branch="False" />
                <line number="483" hits="36" branch="False" />
                <line number="485" hits="21" branch="False" />
                <line number="486" hits="44" branch="False" />
              </lines>
            </method>
            <method name="VerifySignature" signature="(System.String,System.Security.Cryptography.X509Certificates.X509Certificate2)" line-rate="0.7692" branch-rate="0.6363" complexity="22">
              <lines>
                <line number="496" hits="14" branch="False" />
                <line number="498" hits="14" branch="False" />
                <line number="499" hits="14" branch="False" />
                <line number="500" hits="14" branch="False" />
                <line number="502" hits="14" branch="False" />
                <line number="503" hits="14" branch="False" />
                <line number="505" hits="14" branch="True" condition-coverage="100% (2/2)">
                  <conditions>
                    <condition number="43" type="jump" coverage="100%" />
                  </conditions>
                </line>
                <line number="506" hits="1" branch="False" />
                <line number="507" hits="1" branch="False" />
                <line number="511" hits="13" branch="False" />
                <line number="512" hits="13" branch="False" />
                <line number="514" hits="13" branch="True" condition-coverage="50% (1/2)">
                  <conditions>
                    <condition number="85" type="jump" coverage="50%" />
                  </conditions>
                </line>
                <line number="515" hits="0" branch="False" />
                <line number="516" hits="0" branch="False" />
                <line number="520" hits="13" branch="False" />
                <line number="521" hits="13" branch="True" condition-coverage="50% (1/2)">
                  <conditions>
                    <condition number="118" type="jump" coverage="50%" />
                  </conditions>
                </line>
                <line number="522" hits="0" branch="False" />
                <line number="523" hits="0" branch="False" />
                <line number="527" hits="13" branch="False" />
                <line number="528" hits="13" branch="True" condition-coverage="50% (2/4)">
                  <conditions>
                    <condition number="143" type="jump" coverage="50%" />
                    <condition number="158" type="jump" coverage="50%" />
                  </conditions>
                </line>
                <line number="529" hits="0" branch="False" />
                <line number="530" hits="0" branch="False" />
                <line number="533" hits="13" branch="False" />
                <line number="536" hits="13" branch="False" />
                <line number="537" hits="13" branch="True" condition-coverage="50% (2/4)">
                  <conditions>
                    <condition number="200" type="jump" coverage="50%" />
                    <condition number="212" type="jump" coverage="50%" />
                  </conditions>
                </line>
                <line number="538" hits="13" branch="False" />
                <line number="540" hits="13" branch="False" />
                <line number="541" hits="13" branch="False" />
                <line number="542" hits="13" branch="False" />
                <line number="543" hits="13" branch="False" />
                <line number="544" hits="13" branch="False" />
                <line number="545" hits="13" branch="False" />
                <line number="546" hits="13" branch="False" />
                <line number="549" hits="13" branch="True" condition-coverage="100% (2/2)">
                  <conditions>
                    <condition number="285" type="jump" coverage="100%" />
                  </conditions>
                </line>
                <line number="550" hits="7" branch="False" />
                <line number="551" hits="7" branch="False" />
                <line number="554" hits="6" branch="True" condition-coverage="50% (1/2)">
                  <conditions>
                    <condition number="310" type="jump" coverage="50%" />
                  </conditions>
                </line>
                <line number="555" hits="0" branch="False" />
                <line number="556" hits="0" branch="False" />
                <line number="559" hits="6" branch="True" condition-coverage="100% (2/2)">
                  <conditions>
                    <condition number="337" type="jump" coverage="100%" />
                  </conditions>
                </line>
                <line number="560" hits="1" branch="False" />
                <line number="561" hits="1" branch="False" />
                <line number="564" hits="5" branch="False" />
                <line number="567" hits="5" branch="False" />
                <line number="568" hits="5" branch="True" condition-coverage="50% (1/2)">
                  <conditions>
                    <condition number="460" type="jump" coverage="50%" />
                  </conditions>
                </line>
                <line number="569" hits="0" branch="False" />
                <line number="570" hits="0" branch="False" />
                <line number="573" hits="5" branch="False" />
                <line number="575" hits="9" branch="False" />
                <line number="576" hits="0" branch="False" />
                <line number="577" hits="0" branch="False" />
                <line number="579" hits="5" branch="False" />
              </lines>
            </method>
            <method name="SignPdfWithCertificate" signature="(System.String,System.String,System.Security.Cryptography.X509Certificates.X509Certificate2,System.String,System.String)" line-rate="1" branch-rate="1" complexity="1">
              <lines>
                <line number="587" hits="26" branch="False" />
                <line number="588" hits="26" branch="False" />
                <line number="589" hits="23" branch="False" />
                <line number="591" hits="19" branch="False" />
                <line number="594" hits="18" branch="False" />
                <line number="595" hits="18" branch="False" />
                <line number="598" hits="18" branch="False" />
                <line number="601" hits="18" branch="False" />
                <line number="602" hits="34" branch="False" />
              </lines>
            </method>
          </methods>
          <lines>
            <line number="28" hits="15" branch="False" />
            <line number="30" hits="15" branch="False" />
            <line number="31" hits="14" branch="True" condition-coverage="100% (2/2)">
              <conditions>
                <condition number="15" type="jump" coverage="100%" />
              </conditions>
            </line>
            <line number="32" hits="3" branch="False" />
            <line number="33" hits="3" branch="False" />
            <line number="36" hits="11" branch="False" />
            <line number="37" hits="11" branch="False" />
            <line number="40" hits="11" branch="False" />
            <line number="43" hits="2" branch="False" />
            <line number="45" hits="2" branch="False" />
            <line number="46" hits="2" branch="False" />
            <line number="47" hits="1" branch="False" />
            <line number="48" hits="1" branch="False" />
            <line number="49" hits="1" branch="False" />
            <line number="50" hits="1" branch="False" />
            <line number="51" hits="1" branch="False" />
            <line number="52" hits="1" branch="False" />
            <line number="53" hits="1" branch="False" />
            <line number="54" hits="1" branch="False" />
            <line number="56" hits="1" branch="False" />
            <line number="69" hits="6" branch="False" />
            <line number="71" hits="6" branch="False" />
            <line number="72" hits="6" branch="True" condition-coverage="50% (1/2)">
              <conditions>
                <condition number="17" type="jump" coverage="50%" />
              </conditions>
            </line>
            <line number="73" hits="0" branch="False" />
            <line number="74" hits="0" branch="False" />
            <line number="77" hits="6" branch="False" />
            <line number="78" hits="6" branch="False" />
            <line number="79" hits="6" branch="False" />
            <line number="82" hits="6" branch="True" condition-coverage="100% (2/2)">
              <conditions>
                <condition number="160" type="jump" coverage="100%" />
              </conditions>
            </line>
            <line number="83" hits="6" branch="False" />
            <line number="84" hits="6" branch="False" />
            <line number="85" hits="6" branch="False" />
            <line number="86" hits="6" branch="False" />
            <line number="91" hits="6" branch="False" />
            <line number="92" hits="6" branch="False" />
            <line number="93" hits="6" branch="False" />
            <line number="94" hits="0" branch="False" />
            <line number="95" hits="0" branch="False" />
            <line number="96" hits="0" branch="False" />
            <line number="97" hits="0" branch="False" />
            <line number="100" hits="6" branch="True" condition-coverage="100% (2/2)">
              <conditions>
                <condition number="241" type="jump" coverage="100%" />
              </conditions>
            </line>
            <line number="101" hits="2" branch="False" />
            <line number="102" hits="2" branch="False" />
            <line number="103" hits="2" branch="False" />
            <line number="106" hits="4" branch="False" />
            <line number="107" hits="4" branch="False" />
            <line number="110" hits="4" branch="False" />
            <line number="111" hits="4" branch="False" />
            <line number="113" hits="28" branch="True" condition-coverage="100% (2/2)">
              <conditions>
                <condition number="708" type="jump" coverage="100%" />
              </conditions>
            </line>
            <line number="114" hits="8" branch="False" />
            <line number="116" hits="8" branch="False" />
            <line number="117" hits="8" branch="False" />
            <line number="118" hits="8" branch="False" />
            <line number="119" hits="8" branch="False" />
            <line number="120" hits="8" branch="False" />
            <line number="122" hits="8" branch="False" />
            <line number="126" hits="8" branch="False" />
            <line number="127" hits="8" branch="False" />
            <line number="128" hits="3" branch="False" />
            <line number="131" hits="3" branch="False" />
            <line number="132" hits="3" branch="False" />
            <line number="133" hits="5" branch="False" />
            <line number="134" hits="5" branch="False" />
            <line number="135" hits="5" branch="False" />
            <line number="136" hits="5" branch="False" />
            <line number="137" hits="5" branch="False" />
            <line number="138" hits="8" branch="False" />
            <line number="139" hits="0" branch="False" />
            <line number="140" hits="0" branch="False" />
            <line number="141" hits="0" branch="False" />
            <line number="142" hits="0" branch="False" />
            <line number="143" hits="0" branch="False" />
            <line number="144" hits="8" branch="False" />
            <line number="147" hits="4" branch="False" />
            <line number="148" hits="4" branch="False" />
            <line number="149" hits="4" branch="False" />
            <line number="150" hits="4" branch="False" />
            <line number="151" hits="6" branch="False" />
            <line number="159" hits="13" branch="False" />
            <line number="161" hits="13" branch="False" />
            <line number="163" hits="13" branch="True" condition-coverage="100% (2/2)">
              <conditions>
                <condition number="10" type="jump" coverage="100%" />
              </conditions>
            </line>
            <line number="164" hits="1" branch="False" />
            <line number="166" hits="1" branch="False" />
            <line number="170" hits="12" branch="False" />
            <line number="171" hits="12" branch="False" />
            <line number="174" hits="12" branch="True" condition-coverage="100% (2/2)">
              <conditions>
                <condition number="53" type="jump" coverage="100%" />
              </conditions>
            </line>
            <line number="175" hits="4" branch="False" />
            <line number="176" hits="4" branch="False" />
            <line number="177" hits="4" branch="False" />
            <line number="180" hits="12" branch="True" condition-coverage="100% (2/2)">
              <conditions>
                <condition number="73" type="jump" coverage="100%" />
              </conditions>
            </line>
            <line number="181" hits="2" branch="False" />
            <line number="182" hits="2" branch="False" />
            <line number="183" hits="2" branch="False" />
            <line number="186" hits="12" branch="True" condition-coverage="100% (2/2)">
              <conditions>
                <condition number="98" type="jump" coverage="100%" />
              </conditions>
            </line>
            <line number="187" hits="3" branch="False" />
            <line number="188" hits="3" branch="False" />
            <line number="189" hits="3" branch="False" />
            <line number="192" hits="12" branch="True" condition-coverage="100% (2/2)">
              <conditions>
                <condition number="124" type="jump" coverage="100%" />
              </conditions>
            </line>
            <line number="193" hits="10" branch="False" />
            <line number="194" hits="10" branch="False" />
            <line number="195" hits="11" branch="False" />
            <line number="196" hits="11" branch="False" />
            <line number="197" hits="10" branch="False" />
            <line number="200" hits="2" branch="False" />
            <line number="201" hits="2" branch="False" />
            <line number="204" hits="2" branch="False" />
            <line number="205" hits="0" branch="False" />
            <line number="206" hits="0" branch="False" />
            <line number="208" hits="11" branch="False" />
            <line number="216" hits="26" branch="False" />
            <line number="218" hits="26" branch="False" />
            <line number="221" hits="25" branch="False" />
            <line number="222" hits="25" branch="True" condition-coverage="100% (2/2)">
              <conditions>
                <condition number="25" type="jump" coverage="100%" />
              </conditions>
            </line>
            <line number="223" hits="21" branch="False" />
            <line number="226" hits="4" branch="False" />
            <line number="227" hits="25" branch="False" />
            <line number="235" hits="37" branch="False" />
            <line number="237" hits="37" branch="False" />
            <line number="240" hits="35" branch="True" condition-coverage="100% (4/4)">
              <conditions>
                <condition number="41" type="jump" coverage="100%" />
                <condition number="51" type="jump" coverage="100%" />
              </conditions>
            </line>
            <line number="241" hits="35" branch="False" />
            <line number="242" hits="35" branch="False" />
            <line number="252" hits="29" branch="False" />
            <line number="253" hits="29" branch="False" />
            <line number="255" hits="29" branch="False" />
            <line number="256" hits="29" branch="False" />
            <line number="259" hits="29" branch="True" condition-coverage="100% (2/2)">
              <conditions>
                <condition number="21" type="jump" coverage="100%" />
              </conditions>
            </line>
            <line number="260" hits="1" branch="False" />
            <line number="262" hits="1" branch="False" />
            <line number="263" hits="1" branch="False" />
            <line number="264" hits="1" branch="False" />
            <line number="266" hits="28" branch="False" />
            <line number="268" hits="28" branch="False" />
            <line number="270" hits="28" branch="True" condition-coverage="100% (2/2)">
              <conditions>
                <condition number="103" type="jump" coverage="100%" />
              </conditions>
            </line>
            <line number="271" hits="28" branch="False" />
            <line number="273" hits="28" branch="False" />
            <line number="274" hits="28" branch="False" />
            <line number="275" hits="28" branch="False" />
            <line number="277" hits="29" branch="True" condition-coverage="100% (2/2)">
              <conditions>
                <condition number="136" type="jump" coverage="100%" />
              </conditions>
            </line>
            <line number="278" hits="22" branch="False" />
            <line number="280" hits="91" branch="True" condition-coverage="100% (2/2)">
              <conditions>
                <condition number="232" type="jump" coverage="100%" />
              </conditions>
            </line>
            <line number="281" hits="23" branch="False" />
            <line number="282" hits="23" branch="True" condition-coverage="100% (6/6)">
              <conditions>
                <condition number="170" type="jump" coverage="100%" />
                <condition number="189" type="jump" coverage="100%" />
                <condition number="215" type="jump" coverage="100%" />
              </conditions>
            </line>
            <line number="283" hits="21" branch="False" />
            <line number="284" hits="21" branch="False" />
            <line number="286" hits="2" branch="False" />
            <line number="289" hits="7" branch="True" condition-coverage="100% (2/2)">
              <conditions>
                <condition number="298" type="jump" coverage="100%" />
              </conditions>
            </line>
            <line number="290" hits="2" branch="False" />
            <line number="291" hits="2" branch="True" condition-coverage="50% (1/2)">
              <conditions>
                <condition number="281" type="jump" coverage="50%" />
              </conditions>
            </line>
            <line number="292" hits="0" branch="False" />
            <line number="293" hits="0" branch="False" />
            <line number="295" hits="2" branch="False" />
            <line number="296" hits="1" branch="False" />
            <line number="297" hits="8" branch="False" />
            <line number="299" hits="29" branch="False" />
            <line number="300" hits="29" branch="False" />
            <line number="301" hits="29" branch="False" />
            <line number="303" hits="8" branch="False" />
            <line number="304" hits="29" branch="False" />
            <line number="311" hits="1" branch="False" />
            <line number="312" hits="1" branch="False" />
            <line number="314" hits="1" branch="False" />
            <line number="315" hits="1" branch="False" />
            <line number="316" hits="1" branch="False" />
            <line number="317" hits="0" branch="False" />
            <line number="318" hits="0" branch="False" />
            <line number="319" hits="0" branch="False" />
            <line number="320" hits="0" branch="False" />
            <line number="322" hits="1" branch="False" />
            <line number="324" hits="1" branch="False" />
            <line number="325" hits="1" branch="False" />
            <line number="326" hits="1" branch="False" />
            <line number="327" hits="0" branch="False" />
            <line number="328" hits="0" branch="False" />
            <line number="329" hits="0" branch="False" />
            <line number="330" hits="0" branch="False" />
            <line number="331" hits="1" branch="False" />
            <line number="334" hits="2" branch="False" />
            <line number="335" hits="2" branch="False" />
            <line number="337" hits="2" branch="False" />
            <line number="338" hits="2" branch="False" />
            <line number="339" hits="60" branch="True" condition-coverage="100% (2/2)">
              <conditions>
                <condition number="275" type="jump" coverage="100%" />
              </conditions>
            </line>
            <line number="340" hits="27" branch="False" />
            <line number="341" hits="27" branch="False" />
            <line number="342" hits="27" branch="False" />
            <line number="343" hits="27" branch="False" />
            <line number="344" hits="27" branch="False" />
            <line number="345" hits="27" branch="False" />
            <line number="346" hits="27" branch="False" />
            <line number="347" hits="27" branch="False" />
            <line number="348" hits="27" branch="False" />
            <line number="349" hits="2" branch="False" />
            <line number="350" hits="0" branch="False" />
            <line number="351" hits="0" branch="False" />
            <line number="352" hits="0" branch="False" />
            <line number="355" hits="2" branch="False" />
            <line number="356" hits="2" branch="False" />
            <line number="357" hits="2" branch="False" />
            <line number="358" hits="2" branch="False" />
            <line number="368" hits="7" branch="False" />
            <line number="369" hits="7" branch="True" condition-coverage="100% (2/2)">
              <conditions>
                <condition number="12" type="jump" coverage="100%" />
              </conditions>
            </line>
            <line number="370" hits="1" branch="False" />
            <line number="371" hits="1" branch="False" />
            <line number="375" hits="6" branch="False" />
            <line number="376" hits="6" branch="False" />
            <line number="377" hits="5" branch="False" />
            <line number="379" hits="4" branch="False" />
            <line number="380" hits="4" branch="False" />
            <line number="382" hits="4" branch="True" condition-coverage="100% (2/2)">
              <conditions>
                <condition number="77" type="jump" coverage="100%" />
              </conditions>
            </line>
            <line number="383" hits="1" branch="False" />
            <line number="384" hits="1" branch="False" />
            <line number="387" hits="3" branch="False" />
            <line number="388" hits="3" branch="False" />
            <line number="390" hits="14" branch="True" condition-coverage="100% (2/2)">
              <conditions>
                <condition number="489" type="jump" coverage="100%" />
              </conditions>
            </line>
            <line number="391" hits="4" branch="False" />
            <line number="392" hits="4" branch="False" />
            <line number="393" hits="4" branch="False" />
            <line number="396" hits="4" branch="False" />
            <line number="397" hits="4" branch="False" />
            <line number="399" hits="4" branch="True" condition-coverage="50% (1/2)">
              <conditions>
                <condition number="157" type="jump" coverage="50%" />
              </conditions>
            </line>
            <line number="400" hits="0" branch="False" />
            <line number="401" hits="0" branch="False" />
            <line number="405" hits="4" branch="False" />
            <line number="406" hits="4" branch="True" condition-coverage="100% (2/2)">
              <conditions>
                <condition number="197" type="jump" coverage="100%" />
              </conditions>
            </line>
            <line number="407" hits="1" branch="False" />
            <line number="408" hits="1" branch="False" />
            <line number="412" hits="3" branch="False" />
            <line number="413" hits="3" branch="True" condition-coverage="50% (2/4)">
              <conditions>
                <condition number="234" type="jump" coverage="50%" />
                <condition number="249" type="jump" coverage="50%" />
              </conditions>
            </line>
            <line number="414" hits="0" branch="False" />
            <line number="415" hits="0" branch="False" />
            <line number="418" hits="3" branch="False" />
            <line number="421" hits="3" branch="True" condition-coverage="50% (2/4)">
              <conditions>
                <condition number="284" type="jump" coverage="50%" />
                <condition number="296" type="jump" coverage="50%" />
              </conditions>
            </line>
            <line number="422" hits="3" branch="False" />
            <line number="425" hits="3" branch="True" condition-coverage="100% (2/2)">
              <conditions>
                <condition number="327" type="jump" coverage="100%" />
              </conditions>
            </line>
            <line number="426" hits="1" branch="False" />
            <line number="427" hits="1" branch="False" />
            <line number="431" hits="2" branch="False" />
            <line number="432" hits="2" branch="True" condition-coverage="50% (1/2)">
              <conditions>
                <condition number="371" type="jump" coverage="50%" />
              </conditions>
            </line>
            <line number="433" hits="0" branch="False" />
            <line number="434" hits="0" branch="False" />
            <line number="437" hits="2" branch="False" />
            <line number="438" hits="2" branch="False" />
            <line number="439" hits="2" branch="False" />
            <line number="440" hits="2" branch="False" />
            <line number="441" hits="2" branch="False" />
            <line number="442" hits="2" branch="False" />
            <line number="443" hits="2" branch="False" />
            <line number="444" hits="2" branch="False" />
            <line number="445" hits="2" branch="False" />
            <line number="446" hits="2" branch="False" />
            <line number="448" hits="4" branch="False" />
            <line number="449" hits="4" branch="False" />
            <line number="451" hits="3" branch="False" />
            <line number="452" hits="3" branch="False" />
            <line number="453" hits="3" branch="False" />
            <line number="454" hits="3" branch="False" />
            <line number="455" hits="3" branch="False" />
            <line number="456" hits="3" branch="False" />
            <line number="458" hits="3" branch="False" />
            <line number="459" hits="2" branch="False" />
            <line number="460" hits="2" branch="False" />
            <line number="462" hits="3" branch="False" />
            <line number="470" hits="44" branch="False" />
            <line number="471" hits="44" branch="True" condition-coverage="100% (2/2)">
              <conditions>
                <condition number="9" type="jump" coverage="100%" />
              </conditions>
            </line>
            <line number="472" hits="2" branch="False" />
            <line number="475" hits="42" branch="False" />
            <line number="476" hits="219" branch="True" condition-coverage="100% (2/2)">
              <conditions>
                <condition number="118" type="jump" coverage="100%" />
              </conditions>
            </line>
            <line number="477" hits="57" branch="False" />
            <line number="478" hits="57" branch="False" />
            <line number="479" hits="57" branch="True" condition-coverage="100% (2/2)">
              <conditions>
                <condition number="83" type="jump" coverage="100%" />
              </conditions>
            </line>
            <line number="480" hits="21" branch="False" />
            <line number="481" hits="21" branch="False" />
            <line number="483" hits="36" branch="False" />
            <line number="485" hits="21" branch="False" />
            <line number="486" hits="44" branch="False" />
            <line number="496" hits="14" branch="False" />
            <line number="498" hits="14" branch="False" />
            <line number="499" hits="14" branch="False" />
            <line number="500" hits="14" branch="False" />
            <line number="502" hits="14" branch="False" />
            <line number="503" hits="14" branch="False" />
            <line number="505" hits="14" branch="True" condition-coverage="100% (2/2)">
              <conditions>
                <condition number="43" type="jump" coverage="100%" />
              </conditions>
            </line>
            <line number="506" hits="1" branch="False" />
            <line number="507" hits="1" branch="False" />
            <line number="511" hits="13" branch="False" />
            <line number="512" hits="13" branch="False" />
            <line number="514" hits="13" branch="True" condition-coverage="50% (1/2)">
              <conditions>
                <condition number="85" type="jump" coverage="50%" />
              </conditions>
            </line>
            <line number="515" hits="0" branch="False" />
            <line number="516" hits="0" branch="False" />
            <line number="520" hits="13" branch="False" />
            <line number="521" hits="13" branch="True" condition-coverage="50% (1/2)">
              <conditions>
                <condition number="118" type="jump" coverage="50%" />
              </conditions>
            </line>
            <line number="522" hits="0" branch="False" />
            <line number="523" hits="0" branch="False" />
            <line number="527" hits="13" branch="False" />
            <line number="528" hits="13" branch="True" condition-coverage="50% (2/4)">
              <conditions>
                <condition number="143" type="jump" coverage="50%" />
                <condition number="158" type="jump" coverage="50%" />
              </conditions>
            </line>
            <line number="529" hits="0" branch="False" />
            <line number="530" hits="0" branch="False" />
            <line number="533" hits="13" branch="False" />
            <line number="536" hits="13" branch="False" />
            <line number="537" hits="13" branch="True" condition-coverage="50% (2/4)">
              <conditions>
                <condition number="200" type="jump" coverage="50%" />
                <condition number="212" type="jump" coverage="50%" />
              </conditions>
            </line>
            <line number="538" hits="13" branch="False" />
            <line number="540" hits="13" branch="False" />
            <line number="541" hits="13" branch="False" />
            <line number="542" hits="13" branch="False" />
            <line number="543" hits="13" branch="False" />
            <line number="544" hits="13" branch="False" />
            <line number="545" hits="13" branch="False" />
            <line number="546" hits="13" branch="False" />
            <line number="549" hits="13" branch="True" condition-coverage="100% (2/2)">
              <conditions>
                <condition number="285" type="jump" coverage="100%" />
              </conditions>
            </line>
            <line number="550" hits="7" branch="False" />
            <line number="551" hits="7" branch="False" />
            <line number="554" hits="6" branch="True" condition-coverage="50% (1/2)">
              <conditions>
                <condition number="310" type="jump" coverage="50%" />
              </conditions>
            </line>
            <line number="555" hits="0" branch="False" />
            <line number="556" hits="0" branch="False" />
            <line number="559" hits="6" branch="True" condition-coverage="100% (2/2)">
              <conditions>
                <condition number="337" type="jump" coverage="100%" />
              </conditions>
            </line>
            <line number="560" hits="1" branch="False" />
            <line number="561" hits="1" branch="False" />
            <line number="564" hits="5" branch="False" />
            <line number="567" hits="5" branch="False" />
            <line number="568" hits="5" branch="True" condition-coverage="50% (1/2)">
              <conditions>
                <condition number="460" type="jump" coverage="50%" />
              </conditions>
            </line>
            <line number="569" hits="0" branch="False" />
            <line number="570" hits="0" branch="False" />
            <line number="573" hits="5" branch="False" />
            <line number="575" hits="9" branch="False" />
            <line number="576" hits="0" branch="False" />
            <line number="577" hits="0" branch="False" />
            <line number="579" hits="5" branch="False" />
            <line number="587" hits="26" branch="False" />
            <line number="588" hits="26" branch="False" />
            <line number="589" hits="23" branch="False" />
            <line number="591" hits="19" branch="False" />
            <line number="594" hits="18" branch="False" />
            <line number="595" hits="18" branch="False" />
            <line number="598" hits="18" branch="False" />
            <line number="601" hits="18" branch="False" />
            <line number="602" hits="34" branch="False" />
          </lines>
        </class>
        <class name="PdfSignerApp.DotNetSignature" filename="WindowsCertificatePdfSigner.cs" line-rate="0.8284999999999999" branch-rate="0.75" complexity="12">
          <methods>
            <method name="GetDigestAlgorithmName" signature="()" line-rate="1" branch-rate="1" complexity="1">
              <lines>
                <line number="620" hits="18" branch="False" />
                <line number="621" hits="18" branch="False" />
                <line number="622" hits="18" branch="False" />
              </lines>
            </method>
            <method name="GetSignatureAlgorithmName" signature="()" line-rate="1" branch-rate="1" complexity="1">
              <lines>
                <line number="625" hits="36" branch="False" />
                <line number="626" hits="36" branch="False" />
                <line number="627" hits="36" branch="False" />
              </lines>
            </method>
            <method name="GetKeyAlgorithm" signature="()" line-rate="0.8571" branch-rate="0.75" complexity="4">
              <lines>
                <line number="630" hits="36" branch="False" />
                <line number="631" hits="36" branch="True" condition-coverage="100% (2/2)">
                  <conditions>
                    <condition number="17" type="jump" coverage="100%" />
                  </conditions>
                </line>
                <line number="632" hits="34" branch="False" />
                <line number="633" hits="2" branch="True" condition-coverage="50% (1/2)">
                  <conditions>
                    <condition number="43" type="jump" coverage="50%" />
                  </conditions>
                </line>
                <line number="634" hits="2" branch="False" />
                <line number="636" hits="0" branch="False" />
                <line number="637" hits="36" branch="False" />
              </lines>
            </method>
            <method name="Sign" signature="(System.Byte[])" line-rate="0.6428" branch-rate="0.75" complexity="4">
              <lines>
                <line number="640" hits="18" branch="False" />
                <line number="642" hits="18" branch="False" />
                <line number="643" hits="18" branch="True" condition-coverage="100% (2/2)">
                  <conditions>
                    <condition number="20" type="jump" coverage="100%" />
                  </conditions>
                </line>
                <line number="644" hits="17" branch="False" />
                <line number="645" hits="17" branch="False" />
                <line number="647" hits="1" branch="True" condition-coverage="50% (1/2)">
                  <conditions>
                    <condition number="63" type="jump" coverage="50%" />
                  </conditions>
                </line>
                <line number="648" hits="1" branch="False" />
                <line number="649" hits="1" branch="False" />
                <line number="652" hits="0" branch="False" />
                <line number="653" hits="0" branch="False" />
                <line number="656" hits="0" branch="False" />
                <line number="657" hits="0" branch="False" />
                <line number="658" hits="0" branch="False" />
                <line number="660" hits="18" branch="False" />
              </lines>
            </method>
            <method name="GetSignatureMechanismParameters" signature="()" line-rate="1" branch-rate="1" complexity="1">
              <lines>
                <line number="663" hits="18" branch="False" />
                <line number="664" hits="18" branch="False" />
                <line number="665" hits="18" branch="False" />
              </lines>
            </method>
            <method name=".ctor" signature="(System.Security.Cryptography.X509Certificates.X509Certificate2,System.String)" line-rate="1" branch-rate="1" complexity="1">
              <lines>
                <line number="613" hits="18" branch="False" />
                <line number="614" hits="18" branch="False" />
                <line number="615" hits="18" branch="False" />
                <line number="616" hits="18" branch="False" />
                <line number="617" hits="18" branch="False" />
              </lines>
            </method>
          </methods>
          <lines>
            <line number="620" hits="18" branch="False" />
            <line number="621" hits="18" branch="False" />
            <line number="622" hits="18" branch="False" />
            <line number="625" hits="36" branch="False" />
            <line number="626" hits="36" branch="False" />
            <line number="627" hits="36" branch="False" />
            <line number="630" hits="36" branch="False" />
            <line number="631" hits="36" branch="True" condition-coverage="100% (2/2)">
              <conditions>
                <condition number="17" type="jump" coverage="100%" />
              </conditions>
            </line>
            <line number="632" hits="34" branch="False" />
            <line number="633" hits="2" branch="True" condition-coverage="50% (1/2)">
              <conditions>
                <condition number="43" type="jump" coverage="50%" />
              </conditions>
            </line>
            <line number="634" hits="2" branch="False" />
            <line number="636" hits="0" branch="False" />
            <line number="637" hits="36" branch="False" />
            <line number="640" hits="18" branch="False" />
            <line number="642" hits="18" branch="False" />
            <line number="643" hits="18" branch="True" condition-coverage="100% (2/2)">
              <conditions>
                <condition number="20" type="jump" coverage="100%" />
              </conditions>
            </line>
            <line number="644" hits="17" branch="False" />
            <line number="645" hits="17" branch="False" />
            <line number="647" hits="1" branch="True" condition-coverage="50% (1/2)">
              <conditions>
                <condition number="63" type="jump" coverage="50%" />
              </conditions>
            </line>
            <line number="648" hits="1" branch="False" />
            <line number="649" hits="1" branch="False" />
            <line number="652" hits="0" branch="False" />
            <line number="653" hits="0" branch="False" />
            <line number="656" hits="0" branch="False" />
            <line number="657" hits="0" branch="False" />
            <line number="658" hits="0" branch="False" />
            <line number="660" hits="18" branch="False" />
            <line number="663" hits="18" branch="False" />
            <line number="664" hits="18" branch="False" />
            <line number="665" hits="18" branch="False" />
            <line number="613" hits="18" branch="False" />
            <line number="614" hits="18" branch="False" />
            <line number="615" hits="18" branch="False" />
            <line number="616" hits="18" branch="False" />
            <line number="617" hits="18" branch="False" />
          </lines>
        </class>
        <class name="PdfSignerApp.PdfVerificationResult" filename="WindowsCertificatePdfSigner.cs" line-rate="1" branch-rate="1" complexity="3">
          <methods>
            <method name="get_IsValid" signature="()" line-rate="1" branch-rate="1" complexity="1">
              <lines>
                <line number="673" hits="9" branch="False" />
              </lines>
            </method>
            <method name="get_TotalSignatures" signature="()" line-rate="1" branch-rate="1" complexity="1">
              <lines>
                <line number="674" hits="8" branch="False" />
              </lines>
            </method>
            <method name="get_Signatures" signature="()" line-rate="1" branch-rate="1" complexity="1">
              <lines>
                <line number="675" hits="27" branch="False" />
              </lines>
            </method>
          </methods>
          <lines>
            <line number="673" hits="9" branch="False" />
            <line number="674" hits="8" branch="False" />
            <line number="675" hits="27" branch="False" />
          </lines>
        </class>
        <class name="PdfSignerApp.SignatureInfo" filename="WindowsCertificatePdfSigner.cs" line-rate="1" branch-rate="1" complexity="5">
          <methods>
            <method name="get_Name" signature="()" line-rate="1" branch-rate="1" complexity="1">
              <lines>
                <line number="683" hits="45" branch="False" />
              </lines>
            </method>
            <method name="get_IsValid" signature="()" line-rate="1" branch-rate="1" complexity="1">
              <lines>
                <line number="684" hits="15" branch="False" />
              </lines>
            </method>
            <method name="get_CertificateSubject" signature="()" line-rate="1" branch-rate="1" complexity="1">
              <lines>
                <line number="685" hits="29" branch="False" />
              </lines>
            </method>
            <method name="get_SerialNumber" signature="()" line-rate="1" branch-rate="1" complexity="1">
              <lines>
                <line number="686" hits="36" branch="False" />
              </lines>
            </method>
            <method name="get_ErrorMessage" signature="()" line-rate="1" branch-rate="1" complexity="1">
              <lines>
                <line number="687" hits="13" branch="False" />
              </lines>
            </method>
          </methods>
          <lines>
            <line number="683" hits="45" branch="False" />
            <line number="684" hits="15" branch="False" />
            <line number="685" hits="29" branch="False" />
            <line number="686" hits="36" branch="False" />
            <line number="687" hits="13" branch="False" />
          </lines>
        </class>
        <class name="PdfSignerApp.SignatureVerificationResult" filename="WindowsCertificatePdfSigner.cs" line-rate="1" branch-rate="1" complexity="5">
          <methods>
            <method name="get_IsValid" signature="()" line-rate="1" branch-rate="1" complexity="1">
              <lines>
                <line number="695" hits="24" branch="False" />
              </lines>
            </method>
            <method name="get_SigningCertificateSerialNumber" signature="()" line-rate="1" branch-rate="1" complexity="1">
              <lines>
                <line number="696" hits="41" branch="False" />
              </lines>
            </method>
            <method name="get_PdfCertificateSerialNumber" signature="()" line-rate="1" branch-rate="1" complexity="1">
              <lines>
                <line number="697" hits="35" branch="False" />
              </lines>
            </method>
            <method name="get_CertificateSubject" signature="()" line-rate="1" branch-rate="1" complexity="1">
              <lines>
                <line number="698" hits="34" branch="False" />
              </lines>
            </method>
            <method name="get_Message" signature="()" line-rate="1" branch-rate="1" complexity="1">
              <lines>
                <line number="699" hits="30" branch="False" />
              </lines>
            </method>
          </methods>
          <lines>
            <line number="695" hits="24" branch="False" />
            <line number="696" hits="41" branch="False" />
            <line number="697" hits="35" branch="False" />
            <line number="698" hits="34" branch="False" />
            <line number="699" hits="30" branch="False" />
          </lines>
        </class>
      </classes>
    </package>
  </packages>
</coverage>