<?xml version="1.0" encoding="utf-8"?>
<coverage line-rate="0.5982" branch-rate="0.5961" version="1.9" timestamp="1762122545" lines-covered="341" lines-valid="570" branches-covered="93" branches-valid="156">
  <sources>
    <source>C:\git\sign\</source>
  </sources>
  <packages>
    <package name="PdfSigner" line-rate="0.5982" branch-rate="0.5961" complexity="179">
      <classes>
        <class name="PdfSignerApp.Program" filename="Program.cs" line-rate="0" branch-rate="0" complexity="42">
          <methods>
            <method name="Main" signature="(System.String[])" line-rate="0" branch-rate="0" complexity="38">
              <lines>
                <line number="9" hits="0" branch="False" />
                <line number="10" hits="0" branch="False" />
                <line number="11" hits="0" branch="False" />
                <line number="13" hits="0" branch="True" condition-coverage="0% (0/2)">
                  <conditions>
                    <condition number="30" type="jump" coverage="0%" />
                  </conditions>
                </line>
                <line number="14" hits="0" branch="False" />
                <line number="15" hits="0" branch="False" />
                <line number="16" hits="0" branch="False" />
                <line number="19" hits="0" branch="False" />
                <line number="22" hits="0" branch="False" />
                <line number="23" hits="0" branch="True" condition-coverage="0% (0/8)">
                  <conditions>
                    <condition number="77" type="jump" coverage="0%" />
                    <condition number="91" type="jump" coverage="0%" />
                    <condition number="105" type="jump" coverage="0%" />
                    <condition number="122" type="jump" coverage="0%" />
                  </conditions>
                </line>
                <line number="26" hits="0" branch="False" />
                <line number="27" hits="0" branch="False" />
                <line number="30" hits="0" branch="True" condition-coverage="0% (0/2)">
                  <conditions>
                    <condition number="154" type="jump" coverage="0%" />
                  </conditions>
                </line>
                <line number="31" hits="0" branch="False" />
                <line number="32" hits="0" branch="False" />
                <line number="33" hits="0" branch="False" />
                <line number="34" hits="0" branch="False" />
                <line number="37" hits="0" branch="False" />
                <line number="38" hits="0" branch="False" />
                <line number="39" hits="0" branch="False" />
                <line number="40" hits="0" branch="True" condition-coverage="0% (0/2)">
                  <conditions>
                    <condition number="196" type="jump" coverage="0%" />
                  </conditions>
                </line>
                <line number="41" hits="0" branch="True" condition-coverage="0% (0/2)">
                  <conditions>
                    <condition number="214" type="jump" coverage="0%" />
                  </conditions>
                </line>
                <line number="43" hits="0" branch="True" condition-coverage="0% (0/2)">
                  <conditions>
                    <condition number="241" type="jump" coverage="0%" />
                  </conditions>
                </line>
                <line number="44" hits="0" branch="False" />
                <line number="45" hits="0" branch="False" />
                <line number="46" hits="0" branch="False" />
                <line number="49" hits="0" branch="False" />
                <line number="50" hits="0" branch="False" />
                <line number="51" hits="0" branch="False" />
                <line number="52" hits="0" branch="False" />
                <line number="53" hits="0" branch="False" />
                <line number="54" hits="0" branch="False" />
                <line number="56" hits="0" branch="False" />
                <line number="57" hits="0" branch="False" />
                <line number="60" hits="0" branch="True" condition-coverage="0% (0/2)">
                  <conditions>
                    <condition number="395" type="jump" coverage="0%" />
                  </conditions>
                </line>
                <line number="61" hits="0" branch="False" />
                <line number="62" hits="0" branch="False" />
                <line number="63" hits="0" branch="False" />
                <line number="64" hits="0" branch="False" />
                <line number="67" hits="0" branch="False" />
                <line number="68" hits="0" branch="False" />
                <line number="69" hits="0" branch="False" />
                <line number="70" hits="0" branch="True" condition-coverage="0% (0/2)">
                  <conditions>
                    <condition number="439" type="jump" coverage="0%" />
                  </conditions>
                </line>
                <line number="71" hits="0" branch="True" condition-coverage="0% (0/2)">
                  <conditions>
                    <condition number="457" type="jump" coverage="0%" />
                  </conditions>
                </line>
                <line number="72" hits="0" branch="True" condition-coverage="0% (0/2)">
                  <conditions>
                    <condition number="475" type="jump" coverage="0%" />
                  </conditions>
                </line>
                <line number="74" hits="0" branch="False" />
                <line number="75" hits="0" branch="False" />
                <line number="76" hits="0" branch="False" />
                <line number="77" hits="0" branch="False" />
                <line number="78" hits="0" branch="False" />
                <line number="79" hits="0" branch="False" />
                <line number="80" hits="0" branch="False" />
                <line number="81" hits="0" branch="False" />
                <line number="83" hits="0" branch="False" />
                <line number="84" hits="0" branch="False" />
                <line number="87" hits="0" branch="True" condition-coverage="0% (0/2)">
                  <conditions>
                    <condition number="648" type="jump" coverage="0%" />
                  </conditions>
                </line>
                <line number="88" hits="0" branch="False" />
                <line number="89" hits="0" branch="False" />
                <line number="90" hits="0" branch="False" />
                <line number="91" hits="0" branch="False" />
                <line number="94" hits="0" branch="False" />
                <line number="96" hits="0" branch="True" condition-coverage="0% (0/2)">
                  <conditions>
                    <condition number="692" type="jump" coverage="0%" />
                  </conditions>
                </line>
                <line number="97" hits="0" branch="False" />
                <line number="98" hits="0" branch="False" />
                <line number="99" hits="0" branch="False" />
                <line number="102" hits="0" branch="False" />
                <line number="103" hits="0" branch="False" />
                <line number="106" hits="0" branch="False" />
                <line number="107" hits="0" branch="False" />
                <line number="109" hits="0" branch="False" />
                <line number="111" hits="0" branch="True" condition-coverage="0% (0/2)">
                  <conditions>
                    <condition number="1087" type="jump" coverage="0%" />
                  </conditions>
                </line>
                <line number="112" hits="0" branch="False" />
                <line number="113" hits="0" branch="False" />
                <line number="114" hits="0" branch="False" />
                <line number="116" hits="0" branch="True" condition-coverage="0% (0/2)">
                  <conditions>
                    <condition number="934" type="jump" coverage="0%" />
                  </conditions>
                </line>
                <line number="117" hits="0" branch="False" />
                <line number="118" hits="0" branch="False" />
                <line number="119" hits="0" branch="False" />
                <line number="120" hits="0" branch="True" condition-coverage="0% (0/2)">
                  <conditions>
                    <condition number="990" type="jump" coverage="0%" />
                  </conditions>
                </line>
                <line number="121" hits="0" branch="False" />
                <line number="122" hits="0" branch="False" />
                <line number="123" hits="0" branch="False" />
                <line number="125" hits="0" branch="False" />
                <line number="126" hits="0" branch="False" />
                <line number="127" hits="0" branch="False" />
                <line number="128" hits="0" branch="False" />
                <line number="130" hits="0" branch="False" />
                <line number="131" hits="0" branch="False" />
                <line number="132" hits="0" branch="False" />
                <line number="133" hits="0" branch="False" />
                <line number="135" hits="0" branch="False" />
                <line number="136" hits="0" branch="True" condition-coverage="0% (0/2)">
                  <conditions>
                    <condition number="1105" type="jump" coverage="0%" />
                  </conditions>
                </line>
                <line number="137" hits="0" branch="False" />
                <line number="138" hits="0" branch="False" />
                <line number="139" hits="0" branch="False" />
                <line number="140" hits="0" branch="False" />
                <line number="141" hits="0" branch="False" />
                <line number="142" hits="0" branch="False" />
                <line number="145" hits="0" branch="False" />
                <line number="146" hits="0" branch="False" />
                <line number="147" hits="0" branch="False" />
                <line number="149" hits="0" branch="False" />
                <line number="150" hits="0" branch="False" />
                <line number="151" hits="0" branch="False" />
                <line number="152" hits="0" branch="False" />
                <line number="153" hits="0" branch="False" />
                <line number="154" hits="0" branch="False" />
                <line number="155" hits="0" branch="False" />
              </lines>
            </method>
            <method name="ShowUsage" signature="()" line-rate="0" branch-rate="1" complexity="1">
              <lines>
                <line number="158" hits="0" branch="False" />
                <line number="159" hits="0" branch="False" />
                <line number="160" hits="0" branch="False" />
                <line number="161" hits="0" branch="False" />
                <line number="162" hits="0" branch="False" />
                <line number="163" hits="0" branch="False" />
                <line number="164" hits="0" branch="False" />
                <line number="165" hits="0" branch="False" />
                <line number="166" hits="0" branch="False" />
                <line number="167" hits="0" branch="False" />
                <line number="168" hits="0" branch="False" />
                <line number="169" hits="0" branch="False" />
                <line number="170" hits="0" branch="False" />
                <line number="171" hits="0" branch="False" />
                <line number="172" hits="0" branch="False" />
                <line number="173" hits="0" branch="False" />
                <line number="174" hits="0" branch="False" />
                <line number="175" hits="0" branch="False" />
                <line number="176" hits="0" branch="False" />
                <line number="177" hits="0" branch="False" />
                <line number="178" hits="0" branch="False" />
                <line number="179" hits="0" branch="False" />
                <line number="180" hits="0" branch="False" />
                <line number="181" hits="0" branch="False" />
                <line number="182" hits="0" branch="False" />
                <line number="183" hits="0" branch="False" />
                <line number="184" hits="0" branch="False" />
              </lines>
            </method>
            <method name="ShowSignUsage" signature="()" line-rate="0" branch-rate="1" complexity="1">
              <lines>
                <line number="187" hits="0" branch="False" />
                <line number="188" hits="0" branch="False" />
                <line number="189" hits="0" branch="False" />
                <line number="190" hits="0" branch="False" />
                <line number="191" hits="0" branch="False" />
                <line number="192" hits="0" branch="False" />
                <line number="193" hits="0" branch="False" />
                <line number="194" hits="0" branch="False" />
                <line number="195" hits="0" branch="False" />
                <line number="196" hits="0" branch="False" />
                <line number="197" hits="0" branch="False" />
                <line number="198" hits="0" branch="False" />
              </lines>
            </method>
            <method name="ShowBatchUsage" signature="()" line-rate="0" branch-rate="1" complexity="1">
              <lines>
                <line number="201" hits="0" branch="False" />
                <line number="202" hits="0" branch="False" />
                <line number="203" hits="0" branch="False" />
                <line number="204" hits="0" branch="False" />
                <line number="205" hits="0" branch="False" />
                <line number="206" hits="0" branch="False" />
                <line number="207" hits="0" branch="False" />
                <line number="208" hits="0" branch="False" />
                <line number="209" hits="0" branch="False" />
                <line number="210" hits="0" branch="False" />
                <line number="211" hits="0" branch="False" />
                <line number="212" hits="0" branch="False" />
              </lines>
            </method>
            <method name="ShowVerifyUsage" signature="()" line-rate="0" branch-rate="1" complexity="1">
              <lines>
                <line number="215" hits="0" branch="False" />
                <line number="216" hits="0" branch="False" />
                <line number="217" hits="0" branch="False" />
                <line number="218" hits="0" branch="False" />
              </lines>
            </method>
          </methods>
          <lines>
            <line number="9" hits="0" branch="False" />
            <line number="10" hits="0" branch="False" />
            <line number="11" hits="0" branch="False" />
            <line number="13" hits="0" branch="True" condition-coverage="0% (0/2)">
              <conditions>
                <condition number="30" type="jump" coverage="0%" />
              </conditions>
            </line>
            <line number="14" hits="0" branch="False" />
            <line number="15" hits="0" branch="False" />
            <line number="16" hits="0" branch="False" />
            <line number="19" hits="0" branch="False" />
            <line number="22" hits="0" branch="False" />
            <line number="23" hits="0" branch="True" condition-coverage="0% (0/8)">
              <conditions>
                <condition number="77" type="jump" coverage="0%" />
                <condition number="91" type="jump" coverage="0%" />
                <condition number="105" type="jump" coverage="0%" />
                <condition number="122" type="jump" coverage="0%" />
              </conditions>
            </line>
            <line number="26" hits="0" branch="False" />
            <line number="27" hits="0" branch="False" />
            <line number="30" hits="0" branch="True" condition-coverage="0% (0/2)">
              <conditions>
                <condition number="154" type="jump" coverage="0%" />
              </conditions>
            </line>
            <line number="31" hits="0" branch="False" />
            <line number="32" hits="0" branch="False" />
            <line number="33" hits="0" branch="False" />
            <line number="34" hits="0" branch="False" />
            <line number="37" hits="0" branch="False" />
            <line number="38" hits="0" branch="False" />
            <line number="39" hits="0" branch="False" />
            <line number="40" hits="0" branch="True" condition-coverage="0% (0/2)">
              <conditions>
                <condition number="196" type="jump" coverage="0%" />
              </conditions>
            </line>
            <line number="41" hits="0" branch="True" condition-coverage="0% (0/2)">
              <conditions>
                <condition number="214" type="jump" coverage="0%" />
              </conditions>
            </line>
            <line number="43" hits="0" branch="True" condition-coverage="0% (0/2)">
              <conditions>
                <condition number="241" type="jump" coverage="0%" />
              </conditions>
            </line>
            <line number="44" hits="0" branch="False" />
            <line number="45" hits="0" branch="False" />
            <line number="46" hits="0" branch="False" />
            <line number="49" hits="0" branch="False" />
            <line number="50" hits="0" branch="False" />
            <line number="51" hits="0" branch="False" />
            <line number="52" hits="0" branch="False" />
            <line number="53" hits="0" branch="False" />
            <line number="54" hits="0" branch="False" />
            <line number="56" hits="0" branch="False" />
            <line number="57" hits="0" branch="False" />
            <line number="60" hits="0" branch="True" condition-coverage="0% (0/2)">
              <conditions>
                <condition number="395" type="jump" coverage="0%" />
              </conditions>
            </line>
            <line number="61" hits="0" branch="False" />
            <line number="62" hits="0" branch="False" />
            <line number="63" hits="0" branch="False" />
            <line number="64" hits="0" branch="False" />
            <line number="67" hits="0" branch="False" />
            <line number="68" hits="0" branch="False" />
            <line number="69" hits="0" branch="False" />
            <line number="70" hits="0" branch="True" condition-coverage="0% (0/2)">
              <conditions>
                <condition number="439" type="jump" coverage="0%" />
              </conditions>
            </line>
            <line number="71" hits="0" branch="True" condition-coverage="0% (0/2)">
              <conditions>
                <condition number="457" type="jump" coverage="0%" />
              </conditions>
            </line>
            <line number="72" hits="0" branch="True" condition-coverage="0% (0/2)">
              <conditions>
                <condition number="475" type="jump" coverage="0%" />
              </conditions>
            </line>
            <line number="74" hits="0" branch="False" />
            <line number="75" hits="0" branch="False" />
            <line number="76" hits="0" branch="False" />
            <line number="77" hits="0" branch="False" />
            <line number="78" hits="0" branch="False" />
            <line number="79" hits="0" branch="False" />
            <line number="80" hits="0" branch="False" />
            <line number="81" hits="0" branch="False" />
            <line number="83" hits="0" branch="False" />
            <line number="84" hits="0" branch="False" />
            <line number="87" hits="0" branch="True" condition-coverage="0% (0/2)">
              <conditions>
                <condition number="648" type="jump" coverage="0%" />
              </conditions>
            </line>
            <line number="88" hits="0" branch="False" />
            <line number="89" hits="0" branch="False" />
            <line number="90" hits="0" branch="False" />
            <line number="91" hits="0" branch="False" />
            <line number="94" hits="0" branch="False" />
            <line number="96" hits="0" branch="True" condition-coverage="0% (0/2)">
              <conditions>
                <condition number="692" type="jump" coverage="0%" />
              </conditions>
            </line>
            <line number="97" hits="0" branch="False" />
            <line number="98" hits="0" branch="False" />
            <line number="99" hits="0" branch="False" />
            <line number="102" hits="0" branch="False" />
            <line number="103" hits="0" branch="False" />
            <line number="106" hits="0" branch="False" />
            <line number="107" hits="0" branch="False" />
            <line number="109" hits="0" branch="False" />
            <line number="111" hits="0" branch="True" condition-coverage="0% (0/2)">
              <conditions>
                <condition number="1087" type="jump" coverage="0%" />
              </conditions>
            </line>
            <line number="112" hits="0" branch="False" />
            <line number="113" hits="0" branch="False" />
            <line number="114" hits="0" branch="False" />
            <line number="116" hits="0" branch="True" condition-coverage="0% (0/2)">
              <conditions>
                <condition number="934" type="jump" coverage="0%" />
              </conditions>
            </line>
            <line number="117" hits="0" branch="False" />
            <line number="118" hits="0" branch="False" />
            <line number="119" hits="0" branch="False" />
            <line number="120" hits="0" branch="True" condition-coverage="0% (0/2)">
              <conditions>
                <condition number="990" type="jump" coverage="0%" />
              </conditions>
            </line>
            <line number="121" hits="0" branch="False" />
            <line number="122" hits="0" branch="False" />
            <line number="123" hits="0" branch="False" />
            <line number="125" hits="0" branch="False" />
            <line number="126" hits="0" branch="False" />
            <line number="127" hits="0" branch="False" />
            <line number="128" hits="0" branch="False" />
            <line number="130" hits="0" branch="False" />
            <line number="131" hits="0" branch="False" />
            <line number="132" hits="0" branch="False" />
            <line number="133" hits="0" branch="False" />
            <line number="135" hits="0" branch="False" />
            <line number="136" hits="0" branch="True" condition-coverage="0% (0/2)">
              <conditions>
                <condition number="1105" type="jump" coverage="0%" />
              </conditions>
            </line>
            <line number="137" hits="0" branch="False" />
            <line number="138" hits="0" branch="False" />
            <line number="139" hits="0" branch="False" />
            <line number="140" hits="0" branch="False" />
            <line number="141" hits="0" branch="False" />
            <line number="142" hits="0" branch="False" />
            <line number="145" hits="0" branch="False" />
            <line number="146" hits="0" branch="False" />
            <line number="147" hits="0" branch="False" />
            <line number="149" hits="0" branch="False" />
            <line number="150" hits="0" branch="False" />
            <line number="151" hits="0" branch="False" />
            <line number="152" hits="0" branch="False" />
            <line number="153" hits="0" branch="False" />
            <line number="154" hits="0" branch="False" />
            <line number="155" hits="0" branch="False" />
            <line number="158" hits="0" branch="False" />
            <line number="159" hits="0" branch="False" />
            <line number="160" hits="0" branch="False" />
            <line number="161" hits="0" branch="False" />
            <line number="162" hits="0" branch="False" />
            <line number="163" hits="0" branch="False" />
            <line number="164" hits="0" branch="False" />
            <line number="165" hits="0" branch="False" />
            <line number="166" hits="0" branch="False" />
            <line number="167" hits="0" branch="False" />
            <line number="168" hits="0" branch="False" />
            <line number="169" hits="0" branch="False" />
            <line number="170" hits="0" branch="False" />
            <line number="171" hits="0" branch="False" />
            <line number="172" hits="0" branch="False" />
            <line number="173" hits="0" branch="False" />
            <line number="174" hits="0" branch="False" />
            <line number="175" hits="0" branch="False" />
            <line number="176" hits="0" branch="False" />
            <line number="177" hits="0" branch="False" />
            <line number="178" hits="0" branch="False" />
            <line number="179" hits="0" branch="False" />
            <line number="180" hits="0" branch="False" />
            <line number="181" hits="0" branch="False" />
            <line number="182" hits="0" branch="False" />
            <line number="183" hits="0" branch="False" />
            <line number="184" hits="0" branch="False" />
            <line number="187" hits="0" branch="False" />
            <line number="188" hits="0" branch="False" />
            <line number="189" hits="0" branch="False" />
            <line number="190" hits="0" branch="False" />
            <line number="191" hits="0" branch="False" />
            <line number="192" hits="0" branch="False" />
            <line number="193" hits="0" branch="False" />
            <line number="194" hits="0" branch="False" />
            <line number="195" hits="0" branch="False" />
            <line number="196" hits="0" branch="False" />
            <line number="197" hits="0" branch="False" />
            <line number="198" hits="0" branch="False" />
            <line number="201" hits="0" branch="False" />
            <line number="202" hits="0" branch="False" />
            <line number="203" hits="0" branch="False" />
            <line number="204" hits="0" branch="False" />
            <line number="205" hits="0" branch="False" />
            <line number="206" hits="0" branch="False" />
            <line number="207" hits="0" branch="False" />
            <line number="208" hits="0" branch="False" />
            <line number="209" hits="0" branch="False" />
            <line number="210" hits="0" branch="False" />
            <line number="211" hits="0" branch="False" />
            <line number="212" hits="0" branch="False" />
            <line number="215" hits="0" branch="False" />
            <line number="216" hits="0" branch="False" />
            <line number="217" hits="0" branch="False" />
            <line number="218" hits="0" branch="False" />
          </lines>
        </class>
        <class name="PdfSignerApp.WindowsCertificatePdfSigner" filename="WindowsCertificatePdfSigner.cs" line-rate="0.8467" branch-rate="0.8271999999999999" complexity="112">
          <methods>
            <method name="SignPdf" signature="(System.String,System.String,System.String,System.String,System.String)" line-rate="0.8571" branch-rate="1" complexity="4">
              <lines>
                <line number="28" hits="17" branch="False" />
                <line number="29" hits="17" branch="True" condition-coverage="100% (2/2)">
                  <conditions>
                    <condition number="9" type="jump" coverage="100%" />
                  </conditions>
                </line>
                <line number="30" hits="3" branch="False" />
                <line number="31" hits="3" branch="False" />
                <line number="35" hits="14" branch="False" />
                <line number="36" hits="14" branch="True" condition-coverage="100% (2/2)">
                  <conditions>
                    <condition number="42" type="jump" coverage="100%" />
                  </conditions>
                </line>
                <line number="37" hits="2" branch="False" />
                <line number="38" hits="2" branch="False" />
                <line number="41" hits="12" branch="False" />
                <line number="42" hits="12" branch="False" />
                <line number="45" hits="12" branch="False" />
                <line number="48" hits="4" branch="False" />
                <line number="50" hits="4" branch="False" />
                <line number="51" hits="4" branch="False" />
                <line number="52" hits="3" branch="False" />
                <line number="53" hits="3" branch="False" />
                <line number="54" hits="3" branch="False" />
                <line number="55" hits="3" branch="False" />
                <line number="56" hits="1" branch="False" />
                <line number="57" hits="1" branch="False" />
                <line number="59" hits="1" branch="False" />
                <line number="60" hits="1" branch="False" />
                <line number="61" hits="1" branch="False" />
                <line number="62" hits="0" branch="False" />
                <line number="63" hits="0" branch="False" />
                <line number="64" hits="0" branch="False" />
                <line number="65" hits="0" branch="False" />
                <line number="67" hits="4" branch="False" />
              </lines>
            </method>
            <method name="SignBatch" signature="(System.String,System.String,System.String,System.String,System.String,System.String)" line-rate="0.8103" branch-rate="0.875" complexity="8">
              <lines>
                <line number="80" hits="6" branch="False" />
                <line number="82" hits="6" branch="False" />
                <line number="83" hits="6" branch="True" condition-coverage="50% (1/2)">
                  <conditions>
                    <condition number="17" type="jump" coverage="50%" />
                  </conditions>
                </line>
                <line number="84" hits="0" branch="False" />
                <line number="85" hits="0" branch="False" />
                <line number="88" hits="6" branch="False" />
                <line number="89" hits="6" branch="False" />
                <line number="90" hits="6" branch="False" />
                <line number="93" hits="6" branch="True" condition-coverage="100% (2/2)">
                  <conditions>
                    <condition number="160" type="jump" coverage="100%" />
                  </conditions>
                </line>
                <line number="94" hits="6" branch="False" />
                <line number="95" hits="6" branch="False" />
                <line number="96" hits="6" branch="False" />
                <line number="97" hits="6" branch="False" />
                <line number="102" hits="6" branch="False" />
                <line number="103" hits="6" branch="False" />
                <line number="104" hits="6" branch="False" />
                <line number="105" hits="0" branch="False" />
                <line number="106" hits="0" branch="False" />
                <line number="107" hits="0" branch="False" />
                <line number="108" hits="0" branch="False" />
                <line number="111" hits="6" branch="True" condition-coverage="100% (2/2)">
                  <conditions>
                    <condition number="241" type="jump" coverage="100%" />
                  </conditions>
                </line>
                <line number="112" hits="2" branch="False" />
                <line number="113" hits="2" branch="False" />
                <line number="114" hits="2" branch="False" />
                <line number="117" hits="4" branch="False" />
                <line number="118" hits="4" branch="False" />
                <line number="121" hits="4" branch="False" />
                <line number="122" hits="4" branch="False" />
                <line number="124" hits="28" branch="True" condition-coverage="100% (2/2)">
                  <conditions>
                    <condition number="708" type="jump" coverage="100%" />
                  </conditions>
                </line>
                <line number="125" hits="8" branch="False" />
                <line number="127" hits="8" branch="False" />
                <line number="128" hits="8" branch="False" />
                <line number="129" hits="8" branch="False" />
                <line number="130" hits="8" branch="False" />
                <line number="131" hits="8" branch="False" />
                <line number="133" hits="8" branch="False" />
                <line number="137" hits="8" branch="False" />
                <line number="138" hits="8" branch="False" />
                <line number="139" hits="4" branch="False" />
                <line number="142" hits="4" branch="False" />
                <line number="143" hits="4" branch="False" />
                <line number="144" hits="4" branch="False" />
                <line number="145" hits="4" branch="False" />
                <line number="146" hits="4" branch="False" />
                <line number="147" hits="4" branch="False" />
                <line number="148" hits="4" branch="False" />
                <line number="149" hits="8" branch="False" />
                <line number="150" hits="0" branch="False" />
                <line number="151" hits="0" branch="False" />
                <line number="152" hits="0" branch="False" />
                <line number="153" hits="0" branch="False" />
                <line number="154" hits="0" branch="False" />
                <line number="155" hits="8" branch="False" />
                <line number="158" hits="4" branch="False" />
                <line number="159" hits="4" branch="False" />
                <line number="160" hits="4" branch="False" />
                <line number="161" hits="4" branch="False" />
                <line number="162" hits="6" branch="False" />
              </lines>
            </method>
            <method name="GetMatchingFiles" signature="(System.String)" line-rate="0.9354" branch-rate="1" complexity="10">
              <lines>
                <line number="170" hits="12" branch="False" />
                <line number="172" hits="12" branch="False" />
                <line number="174" hits="12" branch="True" condition-coverage="100% (2/2)">
                  <conditions>
                    <condition number="10" type="jump" coverage="100%" />
                  </conditions>
                </line>
                <line number="175" hits="1" branch="False" />
                <line number="177" hits="1" branch="False" />
                <line number="181" hits="11" branch="False" />
                <line number="182" hits="11" branch="False" />
                <line number="185" hits="11" branch="True" condition-coverage="100% (2/2)">
                  <conditions>
                    <condition number="53" type="jump" coverage="100%" />
                  </conditions>
                </line>
                <line number="186" hits="3" branch="False" />
                <line number="187" hits="3" branch="False" />
                <line number="188" hits="3" branch="False" />
                <line number="191" hits="11" branch="True" condition-coverage="100% (2/2)">
                  <conditions>
                    <condition number="73" type="jump" coverage="100%" />
                  </conditions>
                </line>
                <line number="192" hits="2" branch="False" />
                <line number="193" hits="2" branch="False" />
                <line number="194" hits="2" branch="False" />
                <line number="197" hits="11" branch="True" condition-coverage="100% (2/2)">
                  <conditions>
                    <condition number="98" type="jump" coverage="100%" />
                  </conditions>
                </line>
                <line number="198" hits="2" branch="False" />
                <line number="199" hits="2" branch="False" />
                <line number="200" hits="2" branch="False" />
                <line number="203" hits="11" branch="True" condition-coverage="100% (2/2)">
                  <conditions>
                    <condition number="124" type="jump" coverage="100%" />
                  </conditions>
                </line>
                <line number="204" hits="9" branch="False" />
                <line number="205" hits="9" branch="False" />
                <line number="206" hits="11" branch="False" />
                <line number="207" hits="11" branch="False" />
                <line number="208" hits="9" branch="False" />
                <line number="211" hits="2" branch="False" />
                <line number="212" hits="2" branch="False" />
                <line number="215" hits="2" branch="False" />
                <line number="216" hits="0" branch="False" />
                <line number="217" hits="0" branch="False" />
                <line number="219" hits="10" branch="False" />
              </lines>
            </method>
            <method name="FindCertificate" signature="(System.String)" line-rate="1" branch-rate="1" complexity="2">
              <lines>
                <line number="227" hits="25" branch="False" />
                <line number="229" hits="25" branch="False" />
                <line number="232" hits="25" branch="False" />
                <line number="233" hits="25" branch="True" condition-coverage="100% (2/2)">
                  <conditions>
                    <condition number="25" type="jump" coverage="100%" />
                  </conditions>
                </line>
                <line number="234" hits="22" branch="False" />
                <line number="237" hits="3" branch="False" />
                <line number="238" hits="25" branch="False" />
              </lines>
            </method>
            <method name="IsThumbprint" signature="(System.String)" line-rate="1" branch-rate="1" complexity="6">
              <lines>
                <line number="246" hits="36" branch="False" />
                <line number="247" hits="36" branch="True" condition-coverage="100% (2/2)">
                  <conditions>
                    <condition number="9" type="jump" coverage="100%" />
                  </conditions>
                </line>
                <line number="248" hits="1" branch="False" />
                <line number="251" hits="35" branch="False" />
                <line number="255" hits="35" branch="True" condition-coverage="100% (4/4)">
                  <conditions>
                    <condition number="55" type="jump" coverage="100%" />
                    <condition number="68" type="jump" coverage="100%" />
                  </conditions>
                </line>
                <line number="256" hits="35" branch="False" />
                <line number="257" hits="36" branch="False" />
              </lines>
            </method>
            <method name="FindCertificateInStore" signature="(System.Security.Cryptography.X509Certificates.StoreLocation,System.String,System.Boolean)" line-rate="0.9459000000000001" branch-rate="0.9444" complexity="18">
              <lines>
                <line number="267" hits="28" branch="False" />
                <line number="268" hits="28" branch="False" />
                <line number="270" hits="28" branch="False" />
                <line number="271" hits="28" branch="False" />
                <line number="274" hits="28" branch="True" condition-coverage="100% (2/2)">
                  <conditions>
                    <condition number="21" type="jump" coverage="100%" />
                  </conditions>
                </line>
                <line number="275" hits="1" branch="False" />
                <line number="277" hits="1" branch="False" />
                <line number="278" hits="1" branch="False" />
                <line number="279" hits="1" branch="False" />
                <line number="281" hits="27" branch="False" />
                <line number="283" hits="27" branch="False" />
                <line number="285" hits="27" branch="True" condition-coverage="100% (2/2)">
                  <conditions>
                    <condition number="103" type="jump" coverage="100%" />
                  </conditions>
                </line>
                <line number="286" hits="27" branch="False" />
                <line number="288" hits="27" branch="False" />
                <line number="289" hits="27" branch="False" />
                <line number="290" hits="27" branch="False" />
                <line number="292" hits="28" branch="True" condition-coverage="100% (2/2)">
                  <conditions>
                    <condition number="136" type="jump" coverage="100%" />
                  </conditions>
                </line>
                <line number="293" hits="23" branch="False" />
                <line number="295" hits="129" branch="True" condition-coverage="100% (2/2)">
                  <conditions>
                    <condition number="232" type="jump" coverage="100%" />
                  </conditions>
                </line>
                <line number="296" hits="41" branch="False" />
                <line number="297" hits="41" branch="True" condition-coverage="100% (6/6)">
                  <conditions>
                    <condition number="170" type="jump" coverage="100%" />
                    <condition number="189" type="jump" coverage="100%" />
                    <condition number="215" type="jump" coverage="100%" />
                  </conditions>
                </line>
                <line number="298" hits="22" branch="False" />
                <line number="299" hits="22" branch="False" />
                <line number="301" hits="19" branch="False" />
                <line number="304" hits="41" branch="True" condition-coverage="100% (2/2)">
                  <conditions>
                    <condition number="298" type="jump" coverage="100%" />
                  </conditions>
                </line>
                <line number="305" hits="19" branch="False" />
                <line number="306" hits="19" branch="True" condition-coverage="50% (1/2)">
                  <conditions>
                    <condition number="281" type="jump" coverage="50%" />
                  </conditions>
                </line>
                <line number="307" hits="0" branch="False" />
                <line number="308" hits="0" branch="False" />
                <line number="310" hits="19" branch="False" />
                <line number="311" hits="1" branch="False" />
                <line number="312" hits="6" branch="False" />
                <line number="314" hits="28" branch="False" />
                <line number="315" hits="28" branch="False" />
                <line number="316" hits="28" branch="False" />
                <line number="318" hits="6" branch="False" />
                <line number="319" hits="28" branch="False" />
              </lines>
            </method>
            <method name="ListAvailableCertificates" signature="()" line-rate="0.5555" branch-rate="1" complexity="1">
              <lines>
                <line number="326" hits="1" branch="False" />
                <line number="327" hits="1" branch="False" />
                <line number="329" hits="1" branch="False" />
                <line number="330" hits="1" branch="False" />
                <line number="331" hits="1" branch="False" />
                <line number="332" hits="0" branch="False" />
                <line number="333" hits="0" branch="False" />
                <line number="334" hits="0" branch="False" />
                <line number="335" hits="0" branch="False" />
                <line number="337" hits="1" branch="False" />
                <line number="339" hits="1" branch="False" />
                <line number="340" hits="1" branch="False" />
                <line number="341" hits="1" branch="False" />
                <line number="342" hits="0" branch="False" />
                <line number="343" hits="0" branch="False" />
                <line number="344" hits="0" branch="False" />
                <line number="345" hits="0" branch="False" />
                <line number="346" hits="1" branch="False" />
              </lines>
            </method>
            <method name="ListCertificatesInStore" signature="(System.Security.Cryptography.X509Certificates.StoreLocation)" line-rate="0.8636" branch-rate="1" complexity="2">
              <lines>
                <line number="349" hits="2" branch="False" />
                <line number="350" hits="2" branch="False" />
                <line number="352" hits="2" branch="False" />
                <line number="353" hits="2" branch="False" />
                <line number="354" hits="386" branch="True" condition-coverage="100% (2/2)">
                  <conditions>
                    <condition number="275" type="jump" coverage="100%" />
                  </conditions>
                </line>
                <line number="355" hits="190" branch="False" />
                <line number="356" hits="190" branch="False" />
                <line number="357" hits="190" branch="False" />
                <line number="358" hits="190" branch="False" />
                <line number="359" hits="190" branch="False" />
                <line number="360" hits="190" branch="False" />
                <line number="361" hits="190" branch="False" />
                <line number="362" hits="190" branch="False" />
                <line number="363" hits="190" branch="False" />
                <line number="364" hits="2" branch="False" />
                <line number="365" hits="0" branch="False" />
                <line number="366" hits="0" branch="False" />
                <line number="367" hits="0" branch="False" />
                <line number="370" hits="2" branch="False" />
                <line number="371" hits="2" branch="False" />
                <line number="372" hits="2" branch="False" />
                <line number="373" hits="2" branch="False" />
              </lines>
            </method>
            <method name="VerifyPdfSignature" signature="(System.String)" line-rate="0.9047" branch-rate="0.7272" complexity="22">
              <lines>
                <line number="383" hits="7" branch="False" />
                <line number="384" hits="7" branch="True" condition-coverage="100% (2/2)">
                  <conditions>
                    <condition number="12" type="jump" coverage="100%" />
                  </conditions>
                </line>
                <line number="385" hits="1" branch="False" />
                <line number="386" hits="1" branch="False" />
                <line number="390" hits="6" branch="False" />
                <line number="391" hits="6" branch="False" />
                <line number="392" hits="5" branch="False" />
                <line number="394" hits="4" branch="False" />
                <line number="395" hits="4" branch="False" />
                <line number="397" hits="4" branch="True" condition-coverage="100% (2/2)">
                  <conditions>
                    <condition number="77" type="jump" coverage="100%" />
                  </conditions>
                </line>
                <line number="398" hits="1" branch="False" />
                <line number="399" hits="1" branch="False" />
                <line number="402" hits="3" branch="False" />
                <line number="403" hits="3" branch="False" />
                <line number="405" hits="14" branch="True" condition-coverage="100% (2/2)">
                  <conditions>
                    <condition number="489" type="jump" coverage="100%" />
                  </conditions>
                </line>
                <line number="406" hits="4" branch="False" />
                <line number="407" hits="4" branch="False" />
                <line number="408" hits="4" branch="False" />
                <line number="411" hits="4" branch="False" />
                <line number="412" hits="4" branch="False" />
                <line number="414" hits="4" branch="True" condition-coverage="50% (1/2)">
                  <conditions>
                    <condition number="157" type="jump" coverage="50%" />
                  </conditions>
                </line>
                <line number="415" hits="0" branch="False" />
                <line number="416" hits="0" branch="False" />
                <line number="420" hits="4" branch="False" />
                <line number="421" hits="4" branch="True" condition-coverage="100% (2/2)">
                  <conditions>
                    <condition number="197" type="jump" coverage="100%" />
                  </conditions>
                </line>
                <line number="422" hits="1" branch="False" />
                <line number="423" hits="1" branch="False" />
                <line number="427" hits="3" branch="False" />
                <line number="428" hits="3" branch="True" condition-coverage="50% (2/4)">
                  <conditions>
                    <condition number="234" type="jump" coverage="50%" />
                    <condition number="249" type="jump" coverage="50%" />
                  </conditions>
                </line>
                <line number="429" hits="0" branch="False" />
                <line number="430" hits="0" branch="False" />
                <line number="433" hits="3" branch="False" />
                <line number="436" hits="3" branch="True" condition-coverage="50% (2/4)">
                  <conditions>
                    <condition number="284" type="jump" coverage="50%" />
                    <condition number="296" type="jump" coverage="50%" />
                  </conditions>
                </line>
                <line number="437" hits="3" branch="False" />
                <line number="440" hits="3" branch="True" condition-coverage="100% (2/2)">
                  <conditions>
                    <condition number="327" type="jump" coverage="100%" />
                  </conditions>
                </line>
                <line number="441" hits="1" branch="False" />
                <line number="442" hits="1" branch="False" />
                <line number="446" hits="2" branch="False" />
                <line number="447" hits="2" branch="True" condition-coverage="50% (1/2)">
                  <conditions>
                    <condition number="371" type="jump" coverage="50%" />
                  </conditions>
                </line>
                <line number="448" hits="0" branch="False" />
                <line number="449" hits="0" branch="False" />
                <line number="452" hits="2" branch="False" />
                <line number="453" hits="2" branch="False" />
                <line number="454" hits="2" branch="False" />
                <line number="455" hits="2" branch="False" />
                <line number="456" hits="2" branch="False" />
                <line number="457" hits="2" branch="False" />
                <line number="458" hits="2" branch="False" />
                <line number="459" hits="2" branch="False" />
                <line number="460" hits="2" branch="False" />
                <line number="461" hits="2" branch="False" />
                <line number="463" hits="4" branch="False" />
                <line number="464" hits="4" branch="False" />
                <line number="466" hits="3" branch="False" />
                <line number="467" hits="3" branch="False" />
                <line number="468" hits="3" branch="False" />
                <line number="469" hits="3" branch="False" />
                <line number="470" hits="3" branch="False" />
                <line number="471" hits="3" branch="False" />
                <line number="473" hits="3" branch="False" />
                <line number="474" hits="2" branch="False" />
                <line number="475" hits="2" branch="False" />
                <line number="477" hits="3" branch="False" />
              </lines>
            </method>
            <method name="ExtractSerialNumberFromSubject" signature="(System.String)" line-rate="1" branch-rate="0.9285" complexity="14">
              <lines>
                <line number="485" hits="40" branch="False" />
                <line number="486" hits="40" branch="True" condition-coverage="100% (2/2)">
                  <conditions>
                    <condition number="9" type="jump" coverage="100%" />
                  </conditions>
                </line>
                <line number="487" hits="2" branch="False" />
                <line number="491" hits="38" branch="False" />
                <line number="492" hits="38" branch="False" />
                <line number="494" hits="201" branch="True" condition-coverage="100% (2/2)">
                  <conditions>
                    <condition number="203" type="jump" coverage="100%" />
                  </conditions>
                </line>
                <line number="495" hits="56" branch="False" />
                <line number="496" hits="56" branch="False" />
                <line number="498" hits="56" branch="True" condition-coverage="100% (6/6)">
                  <conditions>
                    <condition number="91" type="jump" coverage="100%" />
                    <condition number="106" type="jump" coverage="100%" />
                    <condition number="128" type="jump" coverage="100%" />
                  </conditions>
                </line>
                <line number="499" hits="56" branch="False" />
                <line number="500" hits="56" branch="False" />
                <line number="501" hits="26" branch="False" />
                <line number="502" hits="26" branch="False" />
                <line number="503" hits="26" branch="True" condition-coverage="75% (3/4)">
                  <conditions>
                    <condition number="145" type="jump" coverage="50%" />
                    <condition number="167" type="jump" coverage="100%" />
                  </conditions>
                </line>
                <line number="504" hits="25" branch="False" />
                <line number="505" hits="25" branch="False" />
                <line number="507" hits="1" branch="False" />
                <line number="508" hits="31" branch="False" />
                <line number="510" hits="13" branch="False" />
                <line number="511" hits="40" branch="False" />
              </lines>
            </method>
            <method name="VerifySignature" signature="(System.String,System.Security.Cryptography.X509Certificates.X509Certificate2)" line-rate="0.6779000000000001" branch-rate="0.5832999999999999" complexity="24">
              <lines>
                <line number="521" hits="13" branch="False" />
                <line number="523" hits="13" branch="False" />
                <line number="524" hits="13" branch="False" />
                <line number="525" hits="13" branch="False" />
                <line number="527" hits="13" branch="False" />
                <line number="528" hits="13" branch="False" />
                <line number="530" hits="13" branch="True" condition-coverage="50% (1/2)">
                  <conditions>
                    <condition number="43" type="jump" coverage="50%" />
                  </conditions>
                </line>
                <line number="531" hits="0" branch="False" />
                <line number="532" hits="0" branch="False" />
                <line number="536" hits="13" branch="False" />
                <line number="539" hits="13" branch="True" condition-coverage="100% (2/2)">
                  <conditions>
                    <condition number="82" type="jump" coverage="100%" />
                  </conditions>
                </line>
                <line number="540" hits="5" branch="False" />
                <line number="541" hits="5" branch="False" />
                <line number="545" hits="8" branch="False" />
                <line number="546" hits="34" branch="True" condition-coverage="50% (1/2)">
                  <conditions>
                    <condition number="590" type="jump" coverage="50%" />
                  </conditions>
                </line>
                <line number="547" hits="9" branch="False" />
                <line number="548" hits="9" branch="False" />
                <line number="550" hits="9" branch="True" condition-coverage="50% (1/2)">
                  <conditions>
                    <condition number="146" type="jump" coverage="50%" />
                  </conditions>
                </line>
                <line number="551" hits="0" branch="False" />
                <line number="552" hits="0" branch="False" />
                <line number="553" hits="0" branch="False" />
                <line number="557" hits="9" branch="False" />
                <line number="558" hits="9" branch="True" condition-coverage="50% (2/4)">
                  <conditions>
                    <condition number="185" type="jump" coverage="50%" />
                    <condition number="200" type="jump" coverage="50%" />
                  </conditions>
                </line>
                <line number="559" hits="0" branch="False" />
                <line number="560" hits="0" branch="False" />
                <line number="561" hits="0" branch="False" />
                <line number="564" hits="9" branch="False" />
                <line number="565" hits="9" branch="True" condition-coverage="50% (2/4)">
                  <conditions>
                    <condition number="242" type="jump" coverage="50%" />
                    <condition number="254" type="jump" coverage="50%" />
                  </conditions>
                </line>
                <line number="566" hits="9" branch="False" />
                <line number="569" hits="9" branch="True" condition-coverage="50% (1/2)">
                  <conditions>
                    <condition number="285" type="jump" coverage="50%" />
                  </conditions>
                </line>
                <line number="570" hits="0" branch="False" />
                <line number="571" hits="0" branch="False" />
                <line number="572" hits="0" branch="False" />
                <line number="575" hits="9" branch="True" condition-coverage="100% (2/2)">
                  <conditions>
                    <condition number="326" type="jump" coverage="100%" />
                  </conditions>
                </line>
                <line number="576" hits="1" branch="False" />
                <line number="577" hits="1" branch="False" />
                <line number="578" hits="1" branch="False" />
                <line number="582" hits="8" branch="False" />
                <line number="583" hits="8" branch="True" condition-coverage="50% (1/2)">
                  <conditions>
                    <condition number="447" type="jump" coverage="50%" />
                  </conditions>
                </line>
                <line number="584" hits="0" branch="False" />
                <line number="585" hits="0" branch="False" />
                <line number="589" hits="8" branch="False" />
                <line number="590" hits="8" branch="True" condition-coverage="50% (1/2)">
                  <conditions>
                    <condition number="491" type="jump" coverage="50%" />
                  </conditions>
                </line>
                <line number="591" hits="0" branch="False" />
                <line number="592" hits="0" branch="False" />
                <line number="596" hits="8" branch="False" />
                <line number="597" hits="8" branch="False" />
                <line number="598" hits="8" branch="False" />
                <line number="599" hits="8" branch="False" />
                <line number="600" hits="8" branch="False" />
                <line number="601" hits="8" branch="False" />
                <line number="602" hits="8" branch="False" />
                <line number="603" hits="8" branch="False" />
                <line number="607" hits="0" branch="False" />
                <line number="608" hits="0" branch="False" />
                <line number="610" hits="5" branch="False" />
                <line number="611" hits="0" branch="False" />
                <line number="612" hits="0" branch="False" />
                <line number="614" hits="8" branch="False" />
              </lines>
            </method>
            <method name="SignPdfWithCertificate" signature="(System.String,System.String,System.Security.Cryptography.X509Certificates.X509Certificate2,System.String,System.String)" line-rate="1" branch-rate="1" complexity="1">
              <lines>
                <line number="622" hits="23" branch="False" />
                <line number="623" hits="23" branch="False" />
                <line number="624" hits="20" branch="False" />
                <line number="626" hits="16" branch="False" />
                <line number="629" hits="15" branch="False" />
                <line number="630" hits="15" branch="False" />
                <line number="633" hits="15" branch="False" />
                <line number="636" hits="15" branch="False" />
                <line number="637" hits="30" branch="False" />
              </lines>
            </method>
          </methods>
          <lines>
            <line number="28" hits="17" branch="False" />
            <line number="29" hits="17" branch="True" condition-coverage="100% (2/2)">
              <conditions>
                <condition number="9" type="jump" coverage="100%" />
              </conditions>
            </line>
            <line number="30" hits="3" branch="False" />
            <line number="31" hits="3" branch="False" />
            <line number="35" hits="14" branch="False" />
            <line number="36" hits="14" branch="True" condition-coverage="100% (2/2)">
              <conditions>
                <condition number="42" type="jump" coverage="100%" />
              </conditions>
            </line>
            <line number="37" hits="2" branch="False" />
            <line number="38" hits="2" branch="False" />
            <line number="41" hits="12" branch="False" />
            <line number="42" hits="12" branch="False" />
            <line number="45" hits="12" branch="False" />
            <line number="48" hits="4" branch="False" />
            <line number="50" hits="4" branch="False" />
            <line number="51" hits="4" branch="False" />
            <line number="52" hits="3" branch="False" />
            <line number="53" hits="3" branch="False" />
            <line number="54" hits="3" branch="False" />
            <line number="55" hits="3" branch="False" />
            <line number="56" hits="1" branch="False" />
            <line number="57" hits="1" branch="False" />
            <line number="59" hits="1" branch="False" />
            <line number="60" hits="1" branch="False" />
            <line number="61" hits="1" branch="False" />
            <line number="62" hits="0" branch="False" />
            <line number="63" hits="0" branch="False" />
            <line number="64" hits="0" branch="False" />
            <line number="65" hits="0" branch="False" />
            <line number="67" hits="4" branch="False" />
            <line number="80" hits="6" branch="False" />
            <line number="82" hits="6" branch="False" />
            <line number="83" hits="6" branch="True" condition-coverage="50% (1/2)">
              <conditions>
                <condition number="17" type="jump" coverage="50%" />
              </conditions>
            </line>
            <line number="84" hits="0" branch="False" />
            <line number="85" hits="0" branch="False" />
            <line number="88" hits="6" branch="False" />
            <line number="89" hits="6" branch="False" />
            <line number="90" hits="6" branch="False" />
            <line number="93" hits="6" branch="True" condition-coverage="100% (2/2)">
              <conditions>
                <condition number="160" type="jump" coverage="100%" />
              </conditions>
            </line>
            <line number="94" hits="6" branch="False" />
            <line number="95" hits="6" branch="False" />
            <line number="96" hits="6" branch="False" />
            <line number="97" hits="6" branch="False" />
            <line number="102" hits="6" branch="False" />
            <line number="103" hits="6" branch="False" />
            <line number="104" hits="6" branch="False" />
            <line number="105" hits="0" branch="False" />
            <line number="106" hits="0" branch="False" />
            <line number="107" hits="0" branch="False" />
            <line number="108" hits="0" branch="False" />
            <line number="111" hits="6" branch="True" condition-coverage="100% (2/2)">
              <conditions>
                <condition number="241" type="jump" coverage="100%" />
              </conditions>
            </line>
            <line number="112" hits="2" branch="False" />
            <line number="113" hits="2" branch="False" />
            <line number="114" hits="2" branch="False" />
            <line number="117" hits="4" branch="False" />
            <line number="118" hits="4" branch="False" />
            <line number="121" hits="4" branch="False" />
            <line number="122" hits="4" branch="False" />
            <line number="124" hits="28" branch="True" condition-coverage="100% (2/2)">
              <conditions>
                <condition number="708" type="jump" coverage="100%" />
              </conditions>
            </line>
            <line number="125" hits="8" branch="False" />
            <line number="127" hits="8" branch="False" />
            <line number="128" hits="8" branch="False" />
            <line number="129" hits="8" branch="False" />
            <line number="130" hits="8" branch="False" />
            <line number="131" hits="8" branch="False" />
            <line number="133" hits="8" branch="False" />
            <line number="137" hits="8" branch="False" />
            <line number="138" hits="8" branch="False" />
            <line number="139" hits="4" branch="False" />
            <line number="142" hits="4" branch="False" />
            <line number="143" hits="4" branch="False" />
            <line number="144" hits="4" branch="False" />
            <line number="145" hits="4" branch="False" />
            <line number="146" hits="4" branch="False" />
            <line number="147" hits="4" branch="False" />
            <line number="148" hits="4" branch="False" />
            <line number="149" hits="8" branch="False" />
            <line number="150" hits="0" branch="False" />
            <line number="151" hits="0" branch="False" />
            <line number="152" hits="0" branch="False" />
            <line number="153" hits="0" branch="False" />
            <line number="154" hits="0" branch="False" />
            <line number="155" hits="8" branch="False" />
            <line number="158" hits="4" branch="False" />
            <line number="159" hits="4" branch="False" />
            <line number="160" hits="4" branch="False" />
            <line number="161" hits="4" branch="False" />
            <line number="162" hits="6" branch="False" />
            <line number="170" hits="12" branch="False" />
            <line number="172" hits="12" branch="False" />
            <line number="174" hits="12" branch="True" condition-coverage="100% (2/2)">
              <conditions>
                <condition number="10" type="jump" coverage="100%" />
              </conditions>
            </line>
            <line number="175" hits="1" branch="False" />
            <line number="177" hits="1" branch="False" />
            <line number="181" hits="11" branch="False" />
            <line number="182" hits="11" branch="False" />
            <line number="185" hits="11" branch="True" condition-coverage="100% (2/2)">
              <conditions>
                <condition number="53" type="jump" coverage="100%" />
              </conditions>
            </line>
            <line number="186" hits="3" branch="False" />
            <line number="187" hits="3" branch="False" />
            <line number="188" hits="3" branch="False" />
            <line number="191" hits="11" branch="True" condition-coverage="100% (2/2)">
              <conditions>
                <condition number="73" type="jump" coverage="100%" />
              </conditions>
            </line>
            <line number="192" hits="2" branch="False" />
            <line number="193" hits="2" branch="False" />
            <line number="194" hits="2" branch="False" />
            <line number="197" hits="11" branch="True" condition-coverage="100% (2/2)">
              <conditions>
                <condition number="98" type="jump" coverage="100%" />
              </conditions>
            </line>
            <line number="198" hits="2" branch="False" />
            <line number="199" hits="2" branch="False" />
            <line number="200" hits="2" branch="False" />
            <line number="203" hits="11" branch="True" condition-coverage="100% (2/2)">
              <conditions>
                <condition number="124" type="jump" coverage="100%" />
              </conditions>
            </line>
            <line number="204" hits="9" branch="False" />
            <line number="205" hits="9" branch="False" />
            <line number="206" hits="11" branch="False" />
            <line number="207" hits="11" branch="False" />
            <line number="208" hits="9" branch="False" />
            <line number="211" hits="2" branch="False" />
            <line number="212" hits="2" branch="False" />
            <line number="215" hits="2" branch="False" />
            <line number="216" hits="0" branch="False" />
            <line number="217" hits="0" branch="False" />
            <line number="219" hits="10" branch="False" />
            <line number="227" hits="25" branch="False" />
            <line number="229" hits="25" branch="False" />
            <line number="232" hits="25" branch="False" />
            <line number="233" hits="25" branch="True" condition-coverage="100% (2/2)">
              <conditions>
                <condition number="25" type="jump" coverage="100%" />
              </conditions>
            </line>
            <line number="234" hits="22" branch="False" />
            <line number="237" hits="3" branch="False" />
            <line number="238" hits="25" branch="False" />
            <line number="246" hits="36" branch="False" />
            <line number="247" hits="36" branch="True" condition-coverage="100% (2/2)">
              <conditions>
                <condition number="9" type="jump" coverage="100%" />
              </conditions>
            </line>
            <line number="248" hits="1" branch="False" />
            <line number="251" hits="35" branch="False" />
            <line number="255" hits="35" branch="True" condition-coverage="100% (4/4)">
              <conditions>
                <condition number="55" type="jump" coverage="100%" />
                <condition number="68" type="jump" coverage="100%" />
              </conditions>
            </line>
            <line number="256" hits="35" branch="False" />
            <line number="257" hits="36" branch="False" />
            <line number="267" hits="28" branch="False" />
            <line number="268" hits="28" branch="False" />
            <line number="270" hits="28" branch="False" />
            <line number="271" hits="28" branch="False" />
            <line number="274" hits="28" branch="True" condition-coverage="100% (2/2)">
              <conditions>
                <condition number="21" type="jump" coverage="100%" />
              </conditions>
            </line>
            <line number="275" hits="1" branch="False" />
            <line number="277" hits="1" branch="False" />
            <line number="278" hits="1" branch="False" />
            <line number="279" hits="1" branch="False" />
            <line number="281" hits="27" branch="False" />
            <line number="283" hits="27" branch="False" />
            <line number="285" hits="27" branch="True" condition-coverage="100% (2/2)">
              <conditions>
                <condition number="103" type="jump" coverage="100%" />
              </conditions>
            </line>
            <line number="286" hits="27" branch="False" />
            <line number="288" hits="27" branch="False" />
            <line number="289" hits="27" branch="False" />
            <line number="290" hits="27" branch="False" />
            <line number="292" hits="28" branch="True" condition-coverage="100% (2/2)">
              <conditions>
                <condition number="136" type="jump" coverage="100%" />
              </conditions>
            </line>
            <line number="293" hits="23" branch="False" />
            <line number="295" hits="129" branch="True" condition-coverage="100% (2/2)">
              <conditions>
                <condition number="232" type="jump" coverage="100%" />
              </conditions>
            </line>
            <line number="296" hits="41" branch="False" />
            <line number="297" hits="41" branch="True" condition-coverage="100% (6/6)">
              <conditions>
                <condition number="170" type="jump" coverage="100%" />
                <condition number="189" type="jump" coverage="100%" />
                <condition number="215" type="jump" coverage="100%" />
              </conditions>
            </line>
            <line number="298" hits="22" branch="False" />
            <line number="299" hits="22" branch="False" />
            <line number="301" hits="19" branch="False" />
            <line number="304" hits="41" branch="True" condition-coverage="100% (2/2)">
              <conditions>
                <condition number="298" type="jump" coverage="100%" />
              </conditions>
            </line>
            <line number="305" hits="19" branch="False" />
            <line number="306" hits="19" branch="True" condition-coverage="50% (1/2)">
              <conditions>
                <condition number="281" type="jump" coverage="50%" />
              </conditions>
            </line>
            <line number="307" hits="0" branch="False" />
            <line number="308" hits="0" branch="False" />
            <line number="310" hits="19" branch="False" />
            <line number="311" hits="1" branch="False" />
            <line number="312" hits="6" branch="False" />
            <line number="314" hits="28" branch="False" />
            <line number="315" hits="28" branch="False" />
            <line number="316" hits="28" branch="False" />
            <line number="318" hits="6" branch="False" />
            <line number="319" hits="28" branch="False" />
            <line number="326" hits="1" branch="False" />
            <line number="327" hits="1" branch="False" />
            <line number="329" hits="1" branch="False" />
            <line number="330" hits="1" branch="False" />
            <line number="331" hits="1" branch="False" />
            <line number="332" hits="0" branch="False" />
            <line number="333" hits="0" branch="False" />
            <line number="334" hits="0" branch="False" />
            <line number="335" hits="0" branch="False" />
            <line number="337" hits="1" branch="False" />
            <line number="339" hits="1" branch="False" />
            <line number="340" hits="1" branch="False" />
            <line number="341" hits="1" branch="False" />
            <line number="342" hits="0" branch="False" />
            <line number="343" hits="0" branch="False" />
            <line number="344" hits="0" branch="False" />
            <line number="345" hits="0" branch="False" />
            <line number="346" hits="1" branch="False" />
            <line number="349" hits="2" branch="False" />
            <line number="350" hits="2" branch="False" />
            <line number="352" hits="2" branch="False" />
            <line number="353" hits="2" branch="False" />
            <line number="354" hits="386" branch="True" condition-coverage="100% (2/2)">
              <conditions>
                <condition number="275" type="jump" coverage="100%" />
              </conditions>
            </line>
            <line number="355" hits="190" branch="False" />
            <line number="356" hits="190" branch="False" />
            <line number="357" hits="190" branch="False" />
            <line number="358" hits="190" branch="False" />
            <line number="359" hits="190" branch="False" />
            <line number="360" hits="190" branch="False" />
            <line number="361" hits="190" branch="False" />
            <line number="362" hits="190" branch="False" />
            <line number="363" hits="190" branch="False" />
            <line number="364" hits="2" branch="False" />
            <line number="365" hits="0" branch="False" />
            <line number="366" hits="0" branch="False" />
            <line number="367" hits="0" branch="False" />
            <line number="370" hits="2" branch="False" />
            <line number="371" hits="2" branch="False" />
            <line number="372" hits="2" branch="False" />
            <line number="373" hits="2" branch="False" />
            <line number="383" hits="7" branch="False" />
            <line number="384" hits="7" branch="True" condition-coverage="100% (2/2)">
              <conditions>
                <condition number="12" type="jump" coverage="100%" />
              </conditions>
            </line>
            <line number="385" hits="1" branch="False" />
            <line number="386" hits="1" branch="False" />
            <line number="390" hits="6" branch="False" />
            <line number="391" hits="6" branch="False" />
            <line number="392" hits="5" branch="False" />
            <line number="394" hits="4" branch="False" />
            <line number="395" hits="4" branch="False" />
            <line number="397" hits="4" branch="True" condition-coverage="100% (2/2)">
              <conditions>
                <condition number="77" type="jump" coverage="100%" />
              </conditions>
            </line>
            <line number="398" hits="1" branch="False" />
            <line number="399" hits="1" branch="False" />
            <line number="402" hits="3" branch="False" />
            <line number="403" hits="3" branch="False" />
            <line number="405" hits="14" branch="True" condition-coverage="100% (2/2)">
              <conditions>
                <condition number="489" type="jump" coverage="100%" />
              </conditions>
            </line>
            <line number="406" hits="4" branch="False" />
            <line number="407" hits="4" branch="False" />
            <line number="408" hits="4" branch="False" />
            <line number="411" hits="4" branch="False" />
            <line number="412" hits="4" branch="False" />
            <line number="414" hits="4" branch="True" condition-coverage="50% (1/2)">
              <conditions>
                <condition number="157" type="jump" coverage="50%" />
              </conditions>
            </line>
            <line number="415" hits="0" branch="False" />
            <line number="416" hits="0" branch="False" />
            <line number="420" hits="4" branch="False" />
            <line number="421" hits="4" branch="True" condition-coverage="100% (2/2)">
              <conditions>
[...]
            <line number="470" hits="3" branch="False" />
            <line number="471" hits="3" branch="False" />
            <line number="473" hits="3" branch="False" />
            <line number="474" hits="2" branch="False" />
            <line number="475" hits="2" branch="False" />
            <line number="477" hits="3" branch="False" />
            <line number="485" hits="40" branch="False" />
            <line number="486" hits="40" branch="True" condition-coverage="100% (2/2)">
              <conditions>
                <condition number="9" type="jump" coverage="100%" />
              </conditions>
            </line>
            <line number="487" hits="2" branch="False" />
            <line number="491" hits="38" branch="False" />
            <line number="492" hits="38" branch="False" />
            <line number="494" hits="201" branch="True" condition-coverage="100% (2/2)">
              <conditions>
                <condition number="203" type="jump" coverage="100%" />
              </conditions>
            </line>
            <line number="495" hits="56" branch="False" />
            <line number="496" hits="56" branch="False" />
            <line number="498" hits="56" branch="True" condition-coverage="100% (6/6)">
              <conditions>
                <condition number="91" type="jump" coverage="100%" />
                <condition number="106" type="jump" coverage="100%" />
                <condition number="128" type="jump" coverage="100%" />
              </conditions>
            </line>
            <line number="499" hits="56" branch="False" />
            <line number="500" hits="56" branch="False" />
            <line number="501" hits="26" branch="False" />
            <line number="502" hits="26" branch="False" />
            <line number="503" hits="26" branch="True" condition-coverage="75% (3/4)">
              <conditions>
                <condition number="145" type="jump" coverage="50%" />
                <condition number="167" type="jump" coverage="100%" />
              </conditions>
            </line>
            <line number="504" hits="25" branch="False" />
            <line number="505" hits="25" branch="False" />
            <line number="507" hits="1" branch="False" />
            <line number="508" hits="31" branch="False" />
            <line number="510" hits="13" branch="False" />
            <line number="511" hits="40" branch="False" />
            <line number="521" hits="13" branch="False" />
            <line number="523" hits="13" branch="False" />
            <line number="524" hits="13" branch="False" />
            <line number="525" hits="13" branch="False" />
            <line number="527" hits="13" branch="False" />
            <line number="528" hits="13" branch="False" />
            <line number="530" hits="13" branch="True" condition-coverage="50% (1/2)">
              <conditions>
                <condition number="43" type="jump" coverage="50%" />
              </conditions>
            </line>
            <line number="531" hits="0" branch="False" />
            <line number="532" hits="0" branch="False" />
            <line number="536" hits="13" branch="False" />
            <line number="539" hits="13" branch="True" condition-coverage="100% (2/2)">
              <conditions>
                <condition number="82" type="jump" coverage="100%" />
              </conditions>
            </line>
            <line number="540" hits="5" branch="False" />
            <line number="541" hits="5" branch="False" />
            <line number="545" hits="8" branch="False" />
            <line number="546" hits="34" branch="True" condition-coverage="50% (1/2)">
              <conditions>
                <condition number="590" type="jump" coverage="50%" />
              </conditions>
            </line>
            <line number="547" hits="9" branch="False" />
            <line number="548" hits="9" branch="False" />
            <line number="550" hits="9" branch="True" condition-coverage="50% (1/2)">
              <conditions>
                <condition number="146" type="jump" coverage="50%" />
              </conditions>
            </line>
            <line number="551" hits="0" branch="False" />
            <line number="552" hits="0" branch="False" />
            <line number="553" hits="0" branch="False" />
            <line number="557" hits="9" branch="False" />
            <line number="558" hits="9" branch="True" condition-coverage="50% (2/4)">
              <conditions>
                <condition number="185" type="jump" coverage="50%" />
                <condition number="200" type="jump" coverage="50%" />
              </conditions>
            </line>
            <line number="559" hits="0" branch="False" />
            <line number="560" hits="0" branch="False" />
            <line number="561" hits="0" branch="False" />
            <line number="564" hits="9" branch="False" />
            <line number="565" hits="9" branch="True" condition-coverage="50% (2/4)">
              <conditions>
                <condition number="242" type="jump" coverage="50%" />
                <condition number="254" type="jump" coverage="50%" />
              </conditions>
            </line>
            <line number="566" hits="9" branch="False" />
            <line number="569" hits="9" branch="True" condition-coverage="50% (1/2)">
              <conditions>
                <condition number="285" type="jump" coverage="50%" />
              </conditions>
            </line>
            <line number="570" hits="0" branch="False" />
            <line number="571" hits="0" branch="False" />
            <line number="572" hits="0" branch="False" />
            <line number="575" hits="9" branch="True" condition-coverage="100% (2/2)">
              <conditions>
                <condition number="326" type="jump" coverage="100%" />
              </conditions>
            </line>
            <line number="576" hits="1" branch="False" />
            <line number="577" hits="1" branch="False" />
            <line number="578" hits="1" branch="False" />
            <line number="582" hits="8" branch="False" />
            <line number="583" hits="8" branch="True" condition-coverage="50% (1/2)">
              <conditions>
                <condition number="447" type="jump" coverage="50%" />
              </conditions>
            </line>
            <line number="584" hits="0" branch="False" />
            <line number="585" hits="0" branch="False" />
            <line number="589" hits="8" branch="False" />
            <line number="590" hits="8" branch="True" condition-coverage="50% (1/2)">
              <conditions>
                <condition number="491" type="jump" coverage="50%" />
              </conditions>
            </line>
            <line number="591" hits="0" branch="False" />
            <line number="592" hits="0" branch="False" />
            <line number="596" hits="8" branch="False" />
            <line number="597" hits="8" branch="False" />
            <line number="598" hits="8" branch="False" />
            <line number="599" hits="8" branch="False" />
            <line number="600" hits="8" branch="False" />
            <line number="601" hits="8" branch="False" />
            <line number="602" hits="8" branch="False" />
            <line number="603" hits="8" branch="False" />
            <line number="607" hits="0" branch="False" />
            <line number="608" hits="0" branch="False" />
            <line number="610" hits="5" branch="False" />
            <line number="611" hits="0" branch="False" />
            <line number="612" hits="0" branch="False" />
            <line number="614" hits="8" branch="False" />
            <line number="622" hits="23" branch="False" />
            <line number="623" hits="23" branch="False" />
            <line number="624" hits="20" branch="False" />
            <line number="626" hits="16" branch="False" />
            <line number="629" hits="15" branch="False" />
            <line number="630" hits="15" branch="False" />
            <line number="633" hits="15" branch="False" />
            <line number="636" hits="15" branch="False" />
            <line number="637" hits="30" branch="False" />
          </lines>
        </class>
        <class name="PdfSignerApp.DotNetSignature" filename="WindowsCertificatePdfSigner.cs" line-rate="0.6857" branch-rate="0.25" complexity="12">
          <methods>
            <method name="GetDigestAlgorithmName" signature="()" line-rate="1" branch-rate="1" complexity="1">
              <lines>
                <line number="655" hits="15" branch="False" />
                <line number="656" hits="15" branch="False" />
                <line number="657" hits="15" branch="False" />
              </lines>
            </method>
            <method name="GetSignatureAlgorithmName" signature="()" line-rate="1" branch-rate="1" complexity="1">
              <lines>
                <line number="660" hits="30" branch="False" />
                <line number="661" hits="30" branch="False" />
                <line number="662" hits="30" branch="False" />
              </lines>
            </method>
            <method name="GetKeyAlgorithm" signature="()" line-rate="0.5714" branch-rate="0.25" complexity="4">
              <lines>
                <line number="665" hits="30" branch="False" />
                <line number="666" hits="30" branch="True" condition-coverage="50% (1/2)">
                  <conditions>
                    <condition number="17" type="jump" coverage="50%" />
                  </conditions>
                </line>
                <line number="667" hits="30" branch="False" />
                <line number="668" hits="0" branch="True" condition-coverage="0% (0/2)">
                  <conditions>
                    <condition number="43" type="jump" coverage="0%" />
                  </conditions>
                </line>
                <line number="669" hits="0" branch="False" />
                <line number="671" hits="0" branch="False" />
                <line number="672" hits="30" branch="False" />
              </lines>
            </method>
            <method name="Sign" signature="(System.Byte[])" line-rate="0.4285" branch-rate="0.25" complexity="4">
              <lines>
                <line number="675" hits="15" branch="False" />
                <line number="677" hits="15" branch="False" />
                <line number="678" hits="15" branch="True" condition-coverage="50% (1/2)">
                  <conditions>
                    <condition number="20" type="jump" coverage="50%" />
                  </conditions>
                </line>
                <line number="679" hits="15" branch="False" />
                <line number="680" hits="15" branch="False" />
                <line number="682" hits="0" branch="True" condition-coverage="0% (0/2)">
                  <conditions>
                    <condition number="63" type="jump" coverage="0%" />
                  </conditions>
                </line>
                <line number="683" hits="0" branch="False" />
                <line number="684" hits="0" branch="False" />
                <line number="687" hits="0" branch="False" />
                <line number="688" hits="0" branch="False" />
                <line number="691" hits="0" branch="False" />
                <line number="692" hits="0" branch="False" />
                <line number="693" hits="0" branch="False" />
                <line number="695" hits="15" branch="False" />
              </lines>
            </method>
            <method name="GetSignatureMechanismParameters" signature="()" line-rate="1" branch-rate="1" complexity="1">
              <lines>
                <line number="698" hits="15" branch="False" />
                <line number="699" hits="15" branch="False" />
                <line number="700" hits="15" branch="False" />
              </lines>
            </method>
            <method name=".ctor" signature="(System.Security.Cryptography.X509Certificates.X509Certificate2,System.String)" line-rate="1" branch-rate="1" complexity="1">
              <lines>
                <line number="648" hits="15" branch="False" />
                <line number="649" hits="15" branch="False" />
                <line number="650" hits="15" branch="False" />
                <line number="651" hits="15" branch="False" />
                <line number="652" hits="15" branch="False" />
              </lines>
            </method>
          </methods>
          <lines>
            <line number="655" hits="15" branch="False" />
            <line number="656" hits="15" branch="False" />
            <line number="657" hits="15" branch="False" />
            <line number="660" hits="30" branch="False" />
            <line number="661" hits="30" branch="False" />
            <line number="662" hits="30" branch="False" />
            <line number="665" hits="30" branch="False" />
            <line number="666" hits="30" branch="True" condition-coverage="50% (1/2)">
              <conditions>
                <condition number="17" type="jump" coverage="50%" />
              </conditions>
            </line>
            <line number="667" hits="30" branch="False" />
            <line number="668" hits="0" branch="True" condition-coverage="0% (0/2)">
              <conditions>
                <condition number="43" type="jump" coverage="0%" />
              </conditions>
            </line>
            <line number="669" hits="0" branch="False" />
            <line number="671" hits="0" branch="False" />
            <line number="672" hits="30" branch="False" />
            <line number="675" hits="15" branch="False" />
            <line number="677" hits="15" branch="False" />
            <line number="678" hits="15" branch="True" condition-coverage="50% (1/2)">
              <conditions>
                <condition number="20" type="jump" coverage="50%" />
              </conditions>
            </line>
            <line number="679" hits="15" branch="False" />
            <line number="680" hits="15" branch="False" />
            <line number="682" hits="0" branch="True" condition-coverage="0% (0/2)">
              <conditions>
                <condition number="63" type="jump" coverage="0%" />
              </conditions>
            </line>
            <line number="683" hits="0" branch="False" />
            <line number="684" hits="0" branch="False" />
            <line number="687" hits="0" branch="False" />
            <line number="688" hits="0" branch="False" />
            <line number="691" hits="0" branch="False" />
            <line number="692" hits="0" branch="False" />
            <line number="693" hits="0" branch="False" />
            <line number="695" hits="15" branch="False" />
            <line number="698" hits="15" branch="False" />
            <line number="699" hits="15" branch="False" />
            <line number="700" hits="15" branch="False" />
            <line number="648" hits="15" branch="False" />
            <line number="649" hits="15" branch="False" />
            <line number="650" hits="15" branch="False" />
            <line number="651" hits="15" branch="False" />
            <line number="652" hits="15" branch="False" />
          </lines>
        </class>
        <class name="PdfSignerApp.PdfVerificationResult" filename="WindowsCertificatePdfSigner.cs" line-rate="1" branch-rate="1" complexity="3">
          <methods>
            <method name="get_IsValid" signature="()" line-rate="1" branch-rate="1" complexity="1">
              <lines>
                <line number="708" hits="8" branch="False" />
              </lines>
            </method>
            <method name="get_TotalSignatures" signature="()" line-rate="1" branch-rate="1" complexity="1">
              <lines>
                <line number="709" hits="9" branch="False" />
              </lines>
            </method>
            <method name="get_Signatures" signature="()" line-rate="1" branch-rate="1" complexity="1">
              <lines>
                <line number="710" hits="30" branch="False" />
              </lines>
            </method>
          </methods>
          <lines>
            <line number="708" hits="8" branch="False" />
            <line number="709" hits="9" branch="False" />
            <line number="710" hits="30" branch="False" />
          </lines>
        </class>
        <class name="PdfSignerApp.SignatureInfo" filename="WindowsCertificatePdfSigner.cs" line-rate="1" branch-rate="1" complexity="5">
          <methods>
            <method name="get_Name" signature="()" line-rate="1" branch-rate="1" complexity="1">
              <lines>
                <line number="718" hits="45" branch="False" />
              </lines>
            </method>
            <method name="get_IsValid" signature="()" line-rate="1" branch-rate="1" complexity="1">
              <lines>
                <line number="719" hits="17" branch="False" />
              </lines>
            </method>
            <method name="get_CertificateSubject" signature="()" line-rate="1" branch-rate="1" complexity="1">
              <lines>
                <line number="720" hits="31" branch="False" />
              </lines>
            </method>
            <method name="get_SerialNumber" signature="()" line-rate="1" branch-rate="1" complexity="1">
              <lines>
                <line number="721" hits="36" branch="False" />
              </lines>
            </method>
            <method name="get_ErrorMessage" signature="()" line-rate="1" branch-rate="1" complexity="1">
              <lines>
                <line number="722" hits="14" branch="False" />
              </lines>
            </method>
          </methods>
          <lines>
            <line number="718" hits="45" branch="False" />
            <line number="719" hits="17" branch="False" />
            <line number="720" hits="31" branch="False" />
            <line number="721" hits="36" branch="False" />
            <line number="722" hits="14" branch="False" />
          </lines>
        </class>
        <class name="PdfSignerApp.SignatureVerificationResult" filename="WindowsCertificatePdfSigner.cs" line-rate="1" branch-rate="1" complexity="5">
          <methods>
            <method name="get_IsValid" signature="()" line-rate="1" branch-rate="1" complexity="1">
              <lines>
                <line number="730" hits="19" branch="False" />
              </lines>
            </method>
            <method name="get_SigningCertificateSerialNumber" signature="()" line-rate="1" branch-rate="1" complexity="1">
              <lines>
                <line number="731" hits="33" branch="False" />
              </lines>
            </method>
            <method name="get_PdfCertificateSerialNumber" signature="()" line-rate="1" branch-rate="1" complexity="1">
              <lines>
                <line number="732" hits="25" branch="False" />
              </lines>
            </method>
            <method name="get_CertificateSubject" signature="()" line-rate="1" branch-rate="1" complexity="1">
              <lines>
                <line number="733" hits="24" branch="False" />
              </lines>
            </method>
            <method name="get_Message" signature="()" line-rate="1" branch-rate="1" complexity="1">
              <lines>
                <line number="734" hits="28" branch="False" />
              </lines>
            </method>
          </methods>
          <lines>
            <line number="730" hits="19" branch="False" />
            <line number="731" hits="33" branch="False" />
            <line number="732" hits="25" branch="False" />
            <line number="733" hits="24" branch="False" />
            <line number="734" hits="28" branch="False" />
          </lines>
        </class>
      </classes>
    </package>
  </packages>
</coverage>